[steer] building the word generator (frozen replay)...
[steer] generator ready: W=16 V=5000 val 0.2631 (315s build)
[steer] topic model: 631 detectors, 8 topics; S matrix (5000, 8)
  lam=0.0  [astronomy ] 'the stars in the night sky' -> 'but i m sorry i didn t you think the human race as figured out where are you it s not a clue what' (state astronomy, judge football)
  lam=0.0  [astronomy ] 'the planets around the sun' -> 'comes up with the idea of a bitch i m sorry i didn t you tell me what s that yeah well i ll' (state astronomy, judge football)
  lam=0.0  [chemistry ] 'the acid and the gas in the water' -> 'in his own name i don t know what the hell are you doing here i m not saying it s a good thing' (state chemistry, judge music)
  lam=0.0  [chemistry ] 'the metal and the chemical elements' -> 'such as yourself look at this point i m going to be a good time up we re not going to do with it' (state chemistry, judge football)
  lam=0.0  [food      ] 'i cooked the bread and the cheese' -> 'he stuck his nose did he say i m in love with you i m a little more it s a good thing she' (state food, judge football)
  lam=0.0  [food      ] 'the wine and the meat for dinner' -> 'you know what to do with it i m sorry i didn t have to talk to you about the cat i m gonna' (state food, judge football)
  lam=0.0  [football  ] 'the team won the game last night' -> 'i don t know what you re not going to be a lot of things i can t help it s not like that' (state football, judge music)
  lam=0.0  [football  ] 'he scored a goal in the match' -> 'paul you re going to be a good time i m not sure i can t do it for you and i m gonna' (state football, judge football OK)
  lam=0.0  [geography ] 'the river flows down the mountain' -> 'i don t know what you re a good one yah t be so sure this is the same thing all the time i' (state geography, judge food)
  lam=0.0  [geography ] 'the ocean near the island coast' -> 'guard has to be a good time pilgrim s in the world i don t know what you re not going to be me' (state geography, judge music)
  lam=0.0  [law       ] 'the judge in the court room' -> 'and the kids i m sorry i didn t do it for you to go to the bathroom not is that what you re' (state law, judge football)
  lam=0.0  [law       ] 'the law and the police officer' -> 'i ll t that what you re not going to be a good time pilgrim s in the world would be a man it' (state law, judge music)
  lam=0.0  [medicine  ] 'the doctor treated the sick patient' -> 'ate nine hours to come to the it s my fault i m not sure but you re just a little more yeah it' (state medicine, judge geography)
  lam=0.0  [medicine  ] 'the disease spread through the blood' -> 'line for you i m not sure i m a little more yeah it s the matter with you how can you do i' (state medicine, judge music)
  lam=0.0  [music     ] 'she played the piano and sang' -> 'to me i m sorry i didn t know that you re going to be here in the room with a lot of things' (state music, judge music OK)
  lam=0.0  [music     ] 'the band played a song on stage' -> 'and we ll t it i m not sure i m sorry i didn t mean to be a good idea yes you have' (state music, judge food)
[steer] lam=0.0: topic-hold 2/16 = 0.125
  lam=0.5  [astronomy ] 'the stars in the night sky' -> 'but no one s perfect i don t know duck of are you doing here i m not hole he s galaxy what s' (state astronomy, judge music)
  lam=0.5  [astronomy ] 'the planets around the sun' -> 'comes up with the galaxy by now no i m not sure i can t rand the holland don life s not a fabulous' (state astronomy, judge music)
  lam=0.5  [chemistry ] 'the acid and the gas in the water' -> 'in his own stab it s not a oxygen wouldn twice as i ve been wondering if you acid and what do you want' (state chemistry, judge chemistry OK)
  lam=0.5  [chemistry ] 'the metal and the chemical elements' -> 'to stab his realized i already told you i m sorry i didn t it hopefully the ll oxygen wouldn those are the freddy' (state chemistry, judge chemistry OK)
  lam=0.5  [food      ] 'i cooked the bread and the cheese' -> 'he stuck his nose did he say i m peanut selling in a bread for wine i said i was cooking the books but' (state food, judge food OK)
  lam=0.5  [food      ] 'the wine and the meat for dinner' -> 'you know what s the matter with you bread i own the media to born wine sweetheart was so quiet here yes sir all' (state food, judge football)
  lam=0.5  [football  ] 'the team won the game last night' -> 'i don t know what you re a team of little murderers for the football and your father matches are oh yes i m' (state football, judge football OK)
  lam=0.5  [football  ] 'he scored a goal in the match' -> 'paul you re matches the oh it s a bowl and they football and your best play it bring me some lessons in that' (state football, judge football OK)
  lam=0.5  [geography ] 'the river flows down the mountain' -> 'i don t know what you re not going to do with it i m ocean of any value to you nightmares as brought' (state geography, judge music)
  lam=0.5  [geography ] 'the ocean near the island coast' -> 'guard has just come from you i m not river it s a good time but you re ocean completely you mean rand he' (state geography, judge music)
  lam=0.5  [law       ] 'the judge in the court room' -> 'and the stab in the appointment i m sorry i didn t law firm handling the scene we re jury bought off to the' (state law, judge football)
  lam=0.5  [law       ] 'the law and the police officer' -> 'i ll stab it s a aubrey fight aubrey fight aubrey run aubrey i aubrey t aubrey run aubrey i aubrey fight i you' (state law, judge medicine)
  lam=0.5  [medicine  ] 'the doctor treated the sick patient' -> 'ate nine hours to make a stab it s lime pie in the kathryn is going to be scientist could do it laugh for' (state medicine, judge medicine OK)
  lam=0.5  [medicine  ] 'the disease spread through the blood' -> 'line for you i m stab it s not lime pie in the kathryn is going to be a good idea anna would scott' (state medicine, judge music)
  lam=0.5  [music     ] 'she played the piano and sang' -> 'stab it s not otis well that s what i m sorry i didn t clarice yes sad upset i know opera you are' (state music, judge music OK)
  lam=0.5  [music     ] 'the band played a song on stage' -> 'and we stab it s a piano and i otis pulls know shower i m going to be jon there s a opera want' (state music, judge music OK)
[steer] lam=0.5: topic-hold 8/16 = 0.500
  lam=1.0  [astronomy ] 'the stars in the night sky' -> 'but no one hole this is duck of are you mayfield a day it s fabulous that s wheeler call secretary called to say' (state astronomy, judge food)
  lam=1.0  [astronomy ] 'the planets around the sun' -> 'comes up with the duck of are you galaxy by now no i m not going to be hole in the stars shall just' (state astronomy, judge astronomy OK)
  lam=1.0  [chemistry ] 'the acid and the gas in the water' -> 'stab it s acid and lonely she was oxygen anyway twice a week i don t know what to do hopefully the ll reaction' (state chemistry, judge chemistry OK)
  lam=1.0  [chemistry ] 'the metal and the chemical elements' -> 'stab it s freddy something you re oxygen wouldn two hopefully the ll t lonely since daddy died and i energy of a element' (state chemistry, judge chemistry OK)
  lam=1.0  [food      ] 'i cooked the bread and the cheese' -> 'he stuck his nose peanut wine bread and wine can you chocolate cream filled in the dull red one oh sugar you know what' (state food, judge food OK)
  lam=1.0  [food      ] 'the wine and the meat for dinner' -> 'bread and wine can you peanut selling in a hal naturally m think i m sugar dull around here chocolate cream filled in by' (state food, judge food OK)
  lam=1.0  [football  ] 'the team won the game last night' -> 'football and your matches are a match steven s m not bowl fruit plate there don t know team game games theory that he' (state football, judge football OK)
  lam=1.0  [football  ] 'he scored a goal in the match' -> 'paul you re match steven s m not medal medal and honor you ll t game football players you re team isn matches bowl' (state football, judge football OK)
  lam=1.0  [geography ] 'the river flows down the mountain' -> 'i don t know ocean completely you mean river it s nightmares were brought in high school happiness is for you rand the holland' (state geography, judge music)
  lam=1.0  [geography ] 'the ocean near the island coast' -> 'guard has just come from you i m ocean is any time you river it s rand the holland don life park in the' (state geography, judge football)
  lam=1.0  [law       ] 'the judge in the court room' -> 'stab it s aubrey fight aubrey fight aubrey run aubrey i aubrey appointment aubrey i law you can t ripley s here jury enough' (state law, judge chemistry)
  lam=1.0  [law       ] 'the law and the police officer' -> 'stab it s law is death to all the appointment i m jury can have ripley s here aubrey fight aubrey run aubrey remembering' (state law, judge football)
  lam=1.0  [medicine  ] 'the doctor treated the sick patient' -> 'stab it s kathryn who is this lime pie in the medical records they forgot to tell you engineering this kind of laugh for' (state medicine, judge food)
  lam=1.0  [medicine  ] 'the disease spread through the blood' -> 'stab it s medical records they kathryn is so perfectly natural you re forgot to be lime pie in the engineering and state of' (state medicine, judge geography)
  lam=1.0  [music     ] 'she played the piano and sang' -> 'stab it s piano what is it opera the clarice i will jazz i never orchestra if you sounds like a otis pulls know' (state music, judge music OK)
  lam=1.0  [music     ] 'the band played a song on stage' -> 'and stab me in a piano and i jon if you opera we own a gun otis pulls know shower and some stuff for' (state music, judge music OK)
[steer] lam=1.0: topic-hold 9/16 = 0.562
  lam=1.5  [astronomy ] 'the stars in the night sky' -> 'but no one galaxy what s the duck of are you mayfield left her and wheeler call secretary general of the stars shall not' (state astronomy, judge food)
  lam=1.5  [astronomy ] 'the planets around the sun' -> 'comes up with the duck of are you hole rand the holland don life galaxy stars is that what you re fabulous treasure of' (state astronomy, judge music)
  lam=1.5  [chemistry ] 'the acid and the gas in the water' -> 'stab it s oxygen we re hopefully the ll reaction to acid and lonely she did t know grab your dinner s in the' (state chemistry, judge chemistry OK)
  lam=1.5  [chemistry ] 'the metal and the chemical elements' -> 'stab it s hopefully the ll t oxygen wouldn acid and lonely she was freddy and he energy of a element have a bluff' (state chemistry, judge chemistry OK)
  lam=1.5  [food      ] 'i cooked the bread and the cheese' -> 'he stuck his bread and wine can you peanut cooking the dull around chocolate milk on a sugar fishing boats out of hal naturally' (state food, judge food OK)
  lam=1.5  [food      ] 'the wine and the meat for dinner' -> 'wine bread and chocolate and filled with people who dull around peanut selling cooking the fishing was good sugar free fireman oh yeah dishes' (state food, judge food OK)
  lam=1.5  [football  ] 'the team won the game last night' -> 'football and your bowl fruit plate there s a gig wednesday night friday night then match up with team game club matches the oh' (state football, judge football OK)
  lam=1.5  [football  ] 'he scored a goal in the match' -> 'paul you football and your matches bowl oh they re game i medal medal and honor you ll gig erica what sure she games' (state football, judge football OK)
  lam=1.5  [geography ] 'the river flows down the mountain' -> 'i d like to nightmares are brought on by ocean completely you mean river it s rand the holland don life mayfield a day' (state geography, judge geography OK)
  lam=1.5  [geography ] 'the ocean near the island coast' -> 'guard has just come from rand the holland don life nightmares are brought on by the river it s ocean completely you mean sea' (state geography, judge geography OK)
  lam=1.5  [law       ] 'the judge in the court room' -> 'stab it s aubrey jury aubrey fight aubrey appointment aubrey i aubrey remembering aubrey talk to you law toss slept with that ripley s' (state law, judge food)
  lam=1.5  [law       ] 'the law and the police officer' -> 'stab it s appointment an jury aubrey fight aubrey fight aubrey law aubrey i aubrey toss aubrey run slept with that remembering the right' (state law, judge food)
  lam=1.5  [medicine  ] 'the doctor treated the sick patient' -> 'stab it s kathryn who is laugh for the scientist could do surgery right now engineering and lime how in the forgot to tell' (state medicine, judge food)
  lam=1.5  [medicine  ] 'the disease spread through the blood' -> 'stab it s lime pie in the kathryn is so a body infected with it scientist could do forgot to bring laugh for the' (state medicine, judge medicine OK)
  lam=1.5  [music     ] 'she played the piano and sang' -> 'stab it s piano what is it opera jon crawford are clarice you sad or orchestra if reaction she s nicole most people otis' (state music, judge music OK)
  lam=1.5  [music     ] 'the band played a song on stage' -> 'stab it s otis opera in piano and i jazz detective jon there s a nicole most people clarice yes crawford are you est' (state music, judge music OK)
[steer] lam=1.5: topic-hold 11/16 = 0.688
  lam=2.0  [astronomy ] 'the stars in the night sky' -> 'but no one galaxy hole is it duck of are you rand the holland don t mayfield a wheeler call secretary called to say' (state astronomy, judge food)
  lam=2.0  [astronomy ] 'the planets around the sun' -> 'the more galaxy hole is it duck of are you stars i mayfield a day smile and now fabulous treasure of the rand the' (state astronomy, judge food)
  lam=2.0  [chemistry ] 'the acid and the gas in the water' -> 'stab it s oxygen we re hopefully the ll reaction to lonely freddy but acid and grab your element have a woke up he' (state chemistry, judge chemistry OK)
  lam=2.0  [chemistry ] 'the metal and the chemical elements' -> 'stab it s hopefully oxygen ll t acid and energy into something lonely in my element oh i freddy but chemical in the johns' (state chemistry, judge chemistry OK)
  lam=2.0  [food      ] 'i cooked the bread and the cheese' -> 'he stuck his bread and wine can you peanut hal naturally m cooking the dull chocolate milk on a fishing i want to nuts' (state food, judge food OK)
  lam=2.0  [food      ] 'the wine and the meat for dinner' -> 'wine bread and chocolate and filled with peanut dull around sugar free cooking the hal naturally m think you re cute what s chickens' (state food, judge food OK)
  lam=2.0  [football  ] 'the team won the game last night' -> 'football and only bowl matches game oh it s club match paul you medal medal and honor i league ball is in gig wednesday' (state football, judge football OK)
  lam=2.0  [football  ] 'he scored a goal in the match' -> 'paul you medal medal and honor football players only game in the matches bowl oh club match paul you gig cells just team clubs' (state football, judge football OK)
  lam=2.0  [geography ] 'the river flows down the mountain' -> 'i ocean rand any holland the life of a mayfield left her and river it s nightmares you brought sea park miles hills we' (state geography, judge geography OK)
  lam=2.0  [geography ] 'the ocean near the island coast' -> 'guard has just nightmares are brought on by rand the holland don life river it s ocean of any kind of park miles hills' (state geography, judge geography OK)
  lam=2.0  [law       ] 'the judge in the court room' -> 'stab it s aubrey jury aubrey fight aubrey appointment slept with law toss remembering the talk of dreams policeman or a ripley vienna today' (state law, judge chemistry)
  lam=2.0  [law       ] 'the law and the police officer' -> 'stab jury aubrey slept with appointment at his law remembering ripley talk to you toss and party sure but policeman or a vienna today' (state law, judge law OK)
  lam=2.0  [medicine  ] 'the doctor treated the sick patient' -> 'stab it s kathryn who is lime pie in the laugh on us he forgot scientist could do it college fund at m not' (state medicine, judge medicine OK)
  lam=2.0  [medicine  ] 'the disease spread through the blood' -> 'stab it s kathryn who is forgot to tell you laugh when they lime pie in the medical records scientist could do surgery are' (state medicine, judge food)
  lam=2.0  [music     ] 'she played the piano and sang' -> 'stab it s opera and we jon piano and i clarice otis crawford in will you orchestra if reaction to music listen up you' (state music, judge music OK)
  lam=2.0  [music     ] 'the band played a song on stage' -> 'stab i piano and opera jon otis pulls in crawford are clarice you jazz orchestra strings we know sounds to me ghosts case that' (state music, judge music OK)
[steer] lam=2.0: topic-hold 12/16 = 0.750
[steer] lam=0.0: held-out top-1 104/400 = 0.2600
[steer] lam=0.5: held-out top-1 87/400 = 0.2175
[steer] lam=1.0: held-out top-1 62/400 = 0.1550
[steer] lam=1.5: held-out top-1 42/400 = 0.1050
[steer] lam=2.0: held-out top-1 29/400 = 0.0725
STEER RESULT: hold {"0.0": 0.125, "0.5": 0.5, "1.0": 0.5625, "1.5": 0.6875, "2.0": 0.75} sanity {"0.0": 0.26, "0.5": 0.2175, "1.0": 0.155, "1.5": 0.105, "2.0": 0.0725}
STEER DONE
