[steer] building the word generator (frozen replay)...
[steer] generator ready: W=16 V=2000 val 0.2986 (275s build)
[steer] topic model: 631 detectors, 8 topics; S matrix (2000, 8)
  lam=0.0  [astronomy ] 'the stars in the night sky' -> 'but no one knows where he is a very good at it i m not going to be with you and i m sorry' (state astronomy, judge football)
  lam=0.0  [astronomy ] 'the planets around the sun' -> 'they don t know what you re not going to be a good time tonight miles i guess i m not sure i know' (state astronomy, judge music)
  lam=0.0  [chemistry ] 'the acid and the gas in the water' -> 'you need to get a job i m not hungry i m going to be your husband is here for the last time i' (state chemistry, judge music)
  lam=0.0  [chemistry ] 'the metal and the chemical elements' -> 'such as yourself who are you doing here i m sorry i didn t you see it s not a question of who he' (state chemistry, judge football)
  lam=0.0  [food      ] 'i cooked the bread and the cheese' -> 'it s a good thing i m not sure but i m going to be here in the last time i saw you at' (state food, judge music)
  lam=0.0  [food      ] 'the wine and the meat for dinner' -> 'you know that i m not sure i ll t have to go to the point is that what you re a good one' (state food, judge music)
  lam=0.0  [football  ] 'the team won the game last night' -> 'i don t know what you re not going to be a man who s going to do is take one of the night' (state football, judge football OK)
  lam=0.0  [football  ] 'he scored a goal in the match' -> 'paul you re going to be a good time too much i love you i don t know what you re not going to' (state football, judge music)
  lam=0.0  [geography ] 'the river flows down the mountain' -> 'i had a good idea and try to get me out of the world s a good time to be in the morning you' (state geography, judge music)
  lam=0.0  [geography ] 'the ocean near the island coast' -> 'no no no no i m not sure i ll t it s a good man i m sorry i didn t you tell' (state geography, judge football)
  lam=0.0  [law       ] 'the judge in the court room' -> 'and the kids i m sorry i didn t want to be in the world will be there what s wrong with you i' (state law, judge football)
  lam=0.0  [law       ] 'the law and the police officer' -> 'i m sorry i didn t you think you re not going to be a fool out of here and i m sorry i' (state law, judge football)
  lam=0.0  [medicine  ] 'the doctor treated the sick patient' -> 'ate nine hours and then i m not sure that s what i m sorry i didn t be afraid of the time you' (state medicine, judge football)
  lam=0.0  [medicine  ] 'the disease spread through the blood' -> 'of christ is that what you re not going to be a good time tonight i m sorry i didn t it you can' (state medicine, judge football)
  lam=0.0  [music     ] 'she played the piano and sang' -> 'to me i m sorry i didn t you tell me what are you doing here i m gonna take her to the point' (state music, judge music OK)
  lam=0.0  [music     ] 'the band played a song on stage' -> 'and we re not going to be a good idea he s got a lot of things i don t know what you want' (state music, judge football)
[steer] lam=0.0: topic-hold 2/16 = 0.125
  lam=0.5  [astronomy ] 'the stars in the night sky' -> 'but no one knows they re all in the car detective last time i m hole in the lately how long have you been' (state astronomy, judge music)
  lam=0.5  [astronomy ] 'the planets around the sun' -> 'comes up with a black hole was not the point is that what you re shit you re going to do with it lately' (state astronomy, judge music)
  lam=0.5  [chemistry ] 'the acid and the gas in the water' -> 'you need to get out of here i m lonely all ll t it oh yeah that s energy into something else i can' (state chemistry, judge geography)
  lam=0.5  [chemistry ] 'the metal and the chemical elements' -> 'such as yourself who are you doing here i m sorry i didn t it s not a lonely in there and get energy' (state chemistry, judge chemistry OK)
  lam=0.5  [food      ] 'i cooked the bread and the cheese' -> 'it s a good wine the day i m cute if i lately how long have you been up to me nuts she s' (state food, judge food OK)
  lam=0.5  [food      ] 'the wine and the meat for dinner' -> 'you know what s the matter with you i m sorry i didn t wine they don t know what it s not lately' (state food, judge music)
  lam=0.5  [football  ] 'the team won the game last night' -> 'i don t know what you re not going to be a club it s not match paul you haven t seen her before' (state football, judge football OK)
  lam=0.5  [football  ] 'he scored a goal in the match' -> 'paul you re game i don t know what he s a good time to team we ll t match paul you re losing' (state football, judge football OK)
  lam=0.5  [geography ] 'the river flows down the mountain' -> 'i had a ocean completely you mean you re park it s just a minute hates me so miles if you want to know' (state geography, judge football)
  lam=0.5  [geography ] 'the ocean near the island coast' -> 'guard has just come from the other side of the park i m not sure i can t ocean is any damage to s' (state geography, judge geography OK)
  lam=0.5  [law       ] 'the judge in the court room' -> 'and the jury enough to law school you know that i m going to be gang what is it hadn t contract the i' (state law, judge football)
  lam=0.5  [law       ] 'the law and the police officer' -> 'i ll t party jury bought off to the gang what is it law school who you are a lot of things i wanted' (state law, judge football)
  lam=0.5  [medicine  ] 'the doctor treated the sick patient' -> 'ate nine hours ahead of us forgot to tell me about the teach you how laugh when was the best part of the college' (state medicine, judge football)
  lam=0.5  [medicine  ] 'the disease spread through the blood' -> 'of christ is that what you re not going to be a good time forgot what it s laugh in your life i want' (state medicine, judge music)
  lam=0.5  [music     ] 'she played the piano and sang' -> 'to me i m opera from it s a lot of things i don t know what you want to do with it piano' (state music, judge music OK)
  lam=0.5  [music     ] 'the band played a song on stage' -> 'and we re piano i will not be in the morning you re a good man i m sorry i was opera you listen' (state music, judge music OK)
[steer] lam=0.5: topic-hold 7/16 = 0.438
  lam=1.0  [astronomy ] 'the stars in the night sky' -> 'but no one stars bet you did hole in the detective by cops all over the place i doc i never thought of that' (state astronomy, judge music)
  lam=1.0  [astronomy ] 'the planets around the sun' -> 'comes up with stars shall not have a lately yeah me too i m hole he s cops that s what i m doc' (state astronomy, judge geography)
  lam=1.0  [chemistry ] 'the acid and the gas in the water' -> 'lonely since daddy died in the grab n all would you like a energy of a bitch i m woke now you re jeanne' (state chemistry, judge geography)
  lam=1.0  [chemistry ] 'the metal and the chemical elements' -> 'such as yourself will you lonely in my life i m not sure i ll t energy of a bitch jeanne what are you' (state chemistry, judge geography)
  lam=1.0  [food      ] 'i cooked the bread and the cheese' -> 'it s wine we ll nuts i m sugar food cute what s the lately honey isn elaine i haven t you hook up' (state food, judge food OK)
  lam=1.0  [food      ] 'the wine and the meat for dinner' -> 'wine i said nuts i m sugar cute what s wrong with you lately how long have you been a lot of things i' (state food, judge football)
  lam=1.0  [football  ] 'the team won the game last night' -> 'match paul you re games theory that he s losing his back forward to another come on team watched the news club you re' (state football, judge football OK)
  lam=1.0  [football  ] 'he scored a goal in the match' -> 'paul you re games theory that he s game six of the match paul you know team player red g forward to it watched' (state football, judge football OK)
  lam=1.0  [geography ] 'the river flows down the mountain' -> 'i had to ocean completely you mean river it s hates me nice but i sea level so we can t miles from here' (state geography, judge geography OK)
  lam=1.0  [geography ] 'the ocean near the island coast' -> 'is gonna be park river it s ocean completely you mean miles from here on business you re sea level so we can t' (state geography, judge geography OK)
  lam=1.0  [law       ] 'the judge in the court room' -> 'law jury can have a contract agent with the hadn party you boys are going to be court judge has a juliet juliet i' (state law, judge football)
  lam=1.0  [law       ] 'the law and the police officer' -> 'i ll t law firm by and jury bought off to the party tonight marty yeah but i m not gang what is it' (state law, judge law OK)
  lam=1.0  [medicine  ] 'the doctor treated the sick patient' -> 'ate nine hours and then medical my hope is that laugh when i was forgot to tell you teach me how upstairs now so' (state medicine, judge medicine OK)
  lam=1.0  [medicine  ] 'the disease spread through the blood' -> 'of christ is that forgot to tell you laugh when they medical science they you know how to get upstairs and send it to' (state medicine, judge music)
  lam=1.0  [music     ] 'she played the piano and sang' -> 'opera you are piano i will madame de grace what about the detective by ll hi i m a jeff jeff come up with' (state music, judge music OK)
  lam=1.0  [music     ] 'the band played a song on stage' -> 'and we re going to opera piano i will madame de grace what about the hi good how s it ugly you not to' (state music, judge music OK)
[steer] lam=1.0: topic-hold 9/16 = 0.562
  lam=1.5  [astronomy ] 'the stars in the night sky' -> 'but no one stars bet you hole in the wonder shit he s lately cops fuck it up black hole was not a doc' (state astronomy, judge food)
  lam=1.5  [astronomy ] 'the planets around the sun' -> 'comes up hole in the stars shall not have shit like that lately cops isn would you like it doc what can i tommy' (state astronomy, judge chemistry)
  lam=1.5  [chemistry ] 'the acid and the gas in the water' -> 'lonely they re grab your dinner then maybe i woke up he s energy of a jeanne are you dumb son of a t' (state chemistry, judge food)
  lam=1.5  [chemistry ] 'the metal and the chemical elements' -> 'such as yourself is it lonely in my grab your dinner with me i m awake are you energy of a woke up a' (state chemistry, judge geography)
  lam=1.5  [food      ] 'i cooked the bread and the cheese' -> 'wine nuts i m lately cute asshole sugar food meat you do honey it s others elaine i ve got to hook up with' (state food, judge food OK)
  lam=1.5  [food      ] 'the wine and the meat for dinner' -> 'wine i nuts i m sugar cute asshole elaine i it s lately food isn meat you do chicken places around where s the' (state food, judge food OK)
  lam=1.5  [football  ] 'the team won the game last night' -> 'match paul you re club team game s over forward to the gee i didn losing money that s watched you with games theory' (state football, judge football OK)
  lam=1.5  [football  ] 'he scored a goal in the match' -> 'paul you re games theory that he s game club team match paul you made forward to the ball games so that s pal' (state football, judge football OK)
  lam=1.5  [geography ] 'the river flows down the mountain' -> 'river it s park the miles of red roof lake sea level so we can ocean is any different wall street i ve got' (state geography, judge geography OK)
  lam=1.5  [geography ] 'the ocean near the island coast' -> 'ocean is any miles river it s sea level so we can t park here what hates me they re crying dirty think road' (state geography, judge geography OK)
  lam=1.5  [law       ] 'the judge in the court room' -> 'jury party law firm as i gang what is it hadn t juliet juliet take off your contract says you re judge right we' (state law, judge football)
  lam=1.5  [law       ] 'the law and the police officer' -> 'jury law defense system is party contract says you re judge right we ll t board it s a court of law c mon' (state law, judge law OK)
  lam=1.5  [medicine  ] 'the doctor treated the sick patient' -> 'forgot to tell you laugh when was the medical the company s interest but i teach you how isn cancer brain this is upstairs' (state medicine, judge medicine OK)
  lam=1.5  [medicine  ] 'the disease spread through the blood' -> 'forgot to laugh for the medical the college i m cancer then why are you stay with me upstairs to make a teach at' (state medicine, judge medicine OK)
  lam=1.5  [music     ] 'she played the piano and sang' -> 'opera piano i don t madame de grace what have you been ugly thing i detective sergeant s a funny thing is jeff you' (state music, judge music OK)
  lam=1.5  [music     ] 'the band played a song on stage' -> 'and we opera piano i will madame de grace what about the sounds of the joey mickey i m ugly i m jeff jeff' (state music, judge music OK)
[steer] lam=1.5: topic-hold 11/16 = 0.688
  lam=2.0  [astronomy ] 'the stars in the night sky' -> 'but no one stars hole in the shit out of wonder i have to lately me i m mad because you re doc detective' (state astronomy, judge geography)
  lam=2.0  [astronomy ] 'the planets around the sun' -> 'the more stars bet you hole in the cops wonder if he s shit uh t lately detective isn tommy i m doc black' (state astronomy, judge food)
  lam=2.0  [chemistry ] 'the acid and the gas in the water' -> 'lonely they re grab your dinner you know energy and it s dumb i m awake are you gas jeanne get up woke up' (state chemistry, judge chemistry OK)
  lam=2.0  [chemistry ] 'the metal and the chemical elements' -> 'lonely in my jeanne grab your dinner with me oh woke up a energy of a t v station tell them awake i think' (state chemistry, judge food)
  lam=2.0  [food      ] 'i cooked the bread and the cheese' -> 'wine cute nuts i m sugar elaine i lately eating lunch with the food hook up with meat you re others honey coffee chicken' (state food, judge food OK)
  lam=2.0  [food      ] 'the wine and the meat for dinner' -> 'wine sugar cute what s nuts i m elaine i food lately hook up with coffee chicken places around where honey eating lunch it' (state food, judge food OK)
  lam=2.0  [football  ] 'the team won the game last night' -> 'match paul you re club team game games theory i watched her come on forward yes is this he s gee that s losing' (state football, judge football OK)
  lam=2.0  [football  ] 'he scored a goal in the match' -> 'paul you re club match paul you game for games they d team player red g ball forward to it he s losing his' (state football, judge football OK)
  lam=2.0  [geography ] 'the river flows down the mountain' -> 'river it s park the miles of red ocean lake any sea crying wall thing they hates me road street dirty job so far' (state geography, judge geography OK)
  lam=2.0  [geography ] 'the ocean near the island coast' -> 'river it s sea level so we can ocean completely you mean miles park hates me they re lake dirty wall street i corner' (state geography, judge geography OK)
  lam=2.0  [law       ] 'the judge in the court room' -> 'jury law firm as i party gang what is it court contract says you re bowling police step back yes norman i swear to' (state law, judge law OK)
  lam=2.0  [law       ] 'the law and the police officer' -> 'jury law contract party i m gang what is it judge a hadn court unless we can t board it s bowling on the' (state law, judge law OK)
  lam=2.0  [medicine  ] 'the doctor treated the sick patient' -> 'forgot to medical school laugh for the upstairs see what teach you cancer is he sit down college mama isn eating and then stay' (state medicine, judge medicine OK)
  lam=2.0  [medicine  ] 'the disease spread through the blood' -> 'medical science they you forgot to laugh at upstairs guess what college what s teach cancer brain this is mama when the isn patient' (state medicine, judge medicine OK)
  lam=2.0  [music     ] 'she played the piano and sang' -> 'opera piano i sounds like a jeff jeff there s detective eddie never madame de da screaming of joey mickey i m hi sally' (state music, judge music OK)
  lam=2.0  [music     ] 'the band played a song on stage' -> 'and opera piano i will madame de grace what about the sounds of the jeff jeff there s a ugly hi ugly thing to' (state music, judge music OK)
[steer] lam=2.0: topic-hold 13/16 = 0.812
[steer] lam=0.0: held-out top-1 129/400 = 0.3225
[steer] lam=0.5: held-out top-1 130/400 = 0.3250
[steer] lam=1.0: held-out top-1 115/400 = 0.2875
[steer] lam=1.5: held-out top-1 95/400 = 0.2375
[steer] lam=2.0: held-out top-1 79/400 = 0.1975
STEER RESULT: hold {"0.0": 0.125, "0.5": 0.4375, "1.0": 0.5625, "1.5": 0.6875, "2.0": 0.8125} sanity {"0.0": 0.3225, "0.5": 0.325, "1.0": 0.2875, "1.5": 0.2375, "2.0": 0.1975}
STEER DONE
