[steer] building the word generator (frozen replay)...
[steer] generator ready: W=16 V=5000 val 0.4920 (441s build)
[steer] evidence floor: 2860/5000 targets keep steering (>= 3 occurrences in train articles)
[steer] topic model: 631 detectors, 8 topics; S matrix (5000, 8) (evidence floor ON)
  lam=0.0  [astronomy ] 'the stars in the night sky' -> 'but she ll t know that moon that crazy moon cosmo t it i m sorry i didn you you ll t know to' (state astronomy, judge football)
  lam=0.0  [astronomy ] 'the planets around the sun' -> 'if you pick up the car gimme t stop a five year old daughter cigarettes today at around four o clock shift you know' (state astronomy, judge music)
  lam=0.0  [chemistry ] 'the acid and the gas in the water' -> 'you did and who s feet is she on now sure he afraid t have a clue what the hell are you doing here' (state chemistry, judge music)
  lam=0.0  [chemistry ] 'the metal and the chemical elements' -> 'of the chimera i don t know what to tell you something else i couldn t have to be careful as one of goebbels' (state chemistry, judge football)
  lam=0.0  [food      ] 'i cooked the bread and the cheese' -> 'he stuck the his they re all dead lab two haven t going to like this game baseball s a good thing follow it' (state food, judge football)
  lam=0.0  [food      ] 'the wine and the meat for dinner' -> 'you re so well off can i get you anything food cake left for an hour then it shot straight up and disappeared some' (state food, judge football)
  lam=0.0  [football  ] 'the team won the game last night' -> 'the red sox were my world i finished with long ago i bought a rifle range they half s know herself all the time' (state football, judge food)
  lam=0.0  [football  ] 'he scored a goal in the match' -> 'steven you m own place i mean you re not going to be a man of the law johnny u when you can t' (state football, judge football OK)
  lam=0.0  [geography ] 'the river flows down the mountain' -> 'he gets way you re always on the list they re already tits t it be great if we could see our children as' (state geography, judge football)
  lam=0.0  [geography ] 'the ocean near the island coast' -> 'guard him midnight the s e c has turned down my request for s in your head we re not going to be easy' (state geography, judge football)
  lam=0.0  [law       ] 'the judge in the court room' -> 'and the only way to get into this again i know son but i think it s a very proper family we open ours' (state law, judge music)
  lam=0.0  [law       ] 'the law and the police officer' -> 'i didn t do it i ll t say she enjoyed her stay although the didn you don t have to be careful not' (state law, judge football)
  lam=0.0  [medicine  ] 'the doctor treated the sick patient' -> 'with you how bout this billy no it s not like i m some kinda of mother nature s does she wrote that anything' (state medicine, judge music)
  lam=0.0  [medicine  ] 'the disease spread through the blood' -> 'and i m not sure i don t know what to do with it you look like you re about to get booked and' (state medicine, judge music)
  lam=0.0  [music     ] 'she played the piano and sang' -> 'and i don t know what to do with it you re quite a ladies man huh t let s go see al will' (state music, judge music OK)
  lam=0.0  [music     ] 'the band played a song on stage' -> 'and off i m gonna be a tv star research i can see that now what is it you want to do this yourself' (state music, judge music OK)
[steer] lam=0.0: topic-hold 3/16 = 0.188
  lam=0.5  [astronomy ] 'the stars in the night sky' -> 'but she ll t be galaxy the commander of the d a everything i know he does he loves me and he needs help' (state astronomy, judge music)
  lam=0.5  [astronomy ] 'the planets around the sun' -> 'if you pick up the car gimme t stop a five year old daughter cigarettes today at around four o clock shift you know' (state astronomy, judge music)
  lam=0.5  [chemistry ] 'the acid and the gas in the water' -> 'you did and who is the man who killed those people last night why not there s never been a ripley oxygen wouldn twice' (state chemistry, judge football)
  lam=0.5  [chemistry ] 'the metal and the chemical elements' -> 'of the chimera oxygen wouldn henry friggin t you chemical in the kind of guy who has my sister your sister s underwear department' (state chemistry, judge chemistry OK)
  lam=0.5  [food      ] 'i cooked the bread and the cheese' -> 'he stuck the him chocolate is filled with people who aren t like it judy you ve got a bread for a dime senior' (state food, judge food OK)
  lam=0.5  [food      ] 'the wine and the meat for dinner' -> 'you re so anxious take it he don t even know what we re talking about i m not sure i understand look that' (state food, judge football)
  lam=0.5  [football  ] 'the team won the game last night' -> 'the red sox were my world i finished with long ago i bought a rifle range they half that s how it is you' (state football, judge food)
  lam=0.5  [football  ] 'he scored a goal in the match' -> 'steven you m medal medal honor honor i to do with it you re not match steven you m but this is a minor' (state football, judge football OK)
  lam=0.5  [geography ] 'the river flows down the mountain' -> 'he gets way you get to save river don t miles yeah the way people like you trying to do something about it sometimes' (state geography, judge music)
  lam=0.5  [geography ] 'the ocean near the island coast' -> 'guard him midnight the s e c has turned down my request for s river authority west and told us i know where we' (state geography, judge football)
  lam=0.5  [law       ] 'the judge in the court room' -> 'and the only way to get into this again i know son but i think freddy s after him i couldn t appointment at' (state law, judge music)
  lam=0.5  [law       ] 'the law and the police officer' -> 'i didn t say jury enough defense boys your friend here is only for a few years ago when i was growing up sounds' (state law, judge law OK)
  lam=0.5  [medicine  ] 'the doctor treated the sick patient' -> 'with into the holes in your account and if it s good to see you i m sorry i didn t know surgery right' (state medicine, judge music)
  lam=0.5  [medicine  ] 'the disease spread through the blood' -> 'line for ever from high school you re a surgery right now and maybe we can have a life insurance company things always do' (state medicine, judge football)
  lam=0.5  [music     ] 'she played the piano and sang' -> 'opera you tonight i m not sure i don t know what to do with it you re not going to be a man' (state music, judge music OK)
  lam=0.5  [music     ] 'the band played a song on stage' -> 'opera all tonight orchestra t reaction she the a bit not i m not sure i don t know what you re talking about' (state music, judge music OK)
[steer] lam=0.5: topic-hold 6/16 = 0.375
  lam=1.0  [astronomy ] 'the stars in the night sky' -> 'but she ll t wheeler call secretary called to hole up in here fine we ll galaxy stars core where darkness this keep me' (state astronomy, judge astronomy OK)
  lam=1.0  [astronomy ] 'the planets around the sun' -> 'if you pick up the car gimme t stop a five year old daughter cigarettes today at around four o clock shift you know' (state astronomy, judge music)
  lam=1.0  [chemistry ] 'the acid and the gas in the water' -> 'you did and who acid and s oxygen anyway energy of must chemical process to turn d artagnan element have the reaction she s' (state chemistry, judge chemistry OK)
  lam=1.0  [chemistry ] 'the metal and the chemical elements' -> 'oxygen wouldn henry friggin t you acid and s element have the names quite a few parents of my patients had t allowed in' (state chemistry, judge chemistry OK)
  lam=1.0  [food      ] 'i cooked the bread and the cheese' -> 'he stuck wine it s chocolate you know could be the last well that s fishing i bread dishes the nuts i mean serve' (state food, judge food OK)
  lam=1.0  [food      ] 'the wine and the meat for dinner' -> 'wine bread the take chocolate is filled with people who aren t cooking the you dishes the empty sugar free fishing i don t' (state food, judge food OK)
  lam=1.0  [football  ] 'the team won the game last night' -> 'the heart of an football and starts bowl fruit move along and go to ground he s right matches game oh yes match steven' (state football, judge football OK)
  lam=1.0  [football  ] 'he scored a goal in the match' -> 'steven you m match steven you m medal medal honor honor i to football and believe matches game oh team club at the players' (state football, judge football OK)
  lam=1.0  [geography ] 'the river flows down the mountain' -> 'he gets river it west and ocean thought any hills we yeah hill th the miles of destroyed his own stream its enjoy the' (state geography, judge geography OK)
  lam=1.0  [geography ] 'the ocean near the island coast' -> 'guard him midnight the s ocean of any value to discover what that looks like dave river it west and sea miles park in' (state geography, judge geography OK)
  lam=1.0  [law       ] 'the judge in the court room' -> 'jury enough defense boys your law you appointment at play with to be honest with you ma am good work number you ll t' (state law, judge music)
  lam=1.0  [law       ] 'the law and the police officer' -> 'jury enough defense never your fault bernie never ever you law appointment at his office tomorrow at ten at the least twenty months could' (state law, judge geography)
  lam=1.0  [medicine  ] 'the doctor treated the sick patient' -> 'medical science they were in tune that d be seventy in new york your sure as hell wouldn surgery right now engineering you the' (state medicine, judge food)
  lam=1.0  [medicine  ] 'the disease spread through the blood' -> 'and i scientist could is surgery right ll college you philosophy what did you do it medical science they were in tune that d' (state medicine, judge football)
  lam=1.0  [music     ] 'she played the piano and sang' -> 'opera you tonight it s crazy epps piano and est the d a everything i know plus what you ve done to nature and' (state music, judge music OK)
  lam=1.0  [music     ] 'the band played a song on stage' -> 'piano all opera and tonight orchestra jazz reaction she the you i sounds like a game show host to me my fault if i' (state music, judge music OK)
[steer] lam=1.0: topic-hold 11/16 = 0.688
  lam=1.5  [astronomy ] 'the stars in the night sky' -> 'but she ll t stars shall not galaxy hole book degrees hot your wheeler call secretary called to roth black suit yourself but if' (state astronomy, judge food)
  lam=1.5  [astronomy ] 'the planets around the sun' -> 'if you pick up the spare hey i m hole than galaxy stars shall not roth wheeler call secretary called never degrees hot your' (state astronomy, judge astronomy OK)
  lam=1.5  [chemistry ] 'the acid and the gas in the water' -> 'you did and oxygen acid and s energy into element have the shrink anything army babies don t work for you and i reaction' (state chemistry, judge chemistry OK)
  lam=1.5  [chemistry ] 'the metal and the chemical elements' -> 'oxygen wouldn henry friggin t acid and s energy the must reaction she s had her eye on for a while i m element' (state chemistry, judge chemistry OK)
  lam=1.5  [food      ] 'i cooked the bread and the cheese' -> 'he stuck bread wine sugar free cooking the chocolate food filled with a nuts i mean serve the queen but yourself what about her' (state food, judge food OK)
  lam=1.5  [food      ] 'the wine and the meat for dinner' -> 'wine bread the sugar chocolate fishing i cooking the dishes the poor girl all the time nuts i made it up what is it' (state food, judge food OK)
  lam=1.5  [football  ] 'the team won the game last night' -> 'the heart of the ocean completely you mean we matches bowl fruit football and starts club medal medal honor you game team match steven' (state football, judge football OK)
  lam=1.5  [football  ] 'he scored a goal in the match' -> 'steven you m match steven you m football and medal medal honor honor i matches games theory bowl fruit about along with game clubs' (state football, judge football OK)
  lam=1.5  [geography ] 'the river flows down the mountain' -> 'he gets river it park in the front row of a ocean completely any miles lake sea monster wall hill country the hills we' (state geography, judge geography OK)
  lam=1.5  [geography ] 'the ocean near the island coast' -> 'guard him ocean stream any enjoy the citizen well personal i river it miles park in the front row represent the special of mountain' (state geography, judge football)
  lam=1.5  [law       ] 'the judge in the court room' -> 'jury law you appointment party contract says i vienna today love t contracts d artagnan webb and even duke tonight duke of death the' (state law, judge law OK)
  lam=1.5  [law       ] 'the law and the police officer' -> 'jury appointment defense vienna today love t law you duke tonight duke of death the pain of long waiting never no she must have' (state law, judge music)
  lam=1.5  [medicine  ] 'the doctor treated the sick patient' -> 'medical science they were in tune that d be seventy in new york surgery right college scientist could is medicine about i philosophy what' (state medicine, judge medicine OK)
  lam=1.5  [medicine  ] 'the disease spread through the blood' -> 'medical science they were in tune that d be seventy in new york surgery right college and see engineering you state scientist could is' (state medicine, judge medicine OK)
  lam=1.5  [music     ] 'she played the piano and sang' -> 'opera piano and sounds strings you orchestra jazz reaction madame let i hi boots they loud me theatre piece no means headquarters now agree' (state music, judge music OK)
  lam=1.5  [music     ] 'the band played a song on stage' -> 'opera i piano orchestra sorry reaction she s had her eye on for a while est the d a everything i know you sounds' (state music, judge music OK)
[steer] lam=1.5: topic-hold 13/16 = 0.812
  lam=2.0  [astronomy ] 'the stars in the night sky' -> 'but she ll t hole galaxy wheeler call secretary of your stars core where darkness this keep me on as a reliable man but' (state astronomy, judge astronomy OK)
  lam=2.0  [astronomy ] 'the planets around the sun' -> 'if you galaxy core where darkness this keep stars hole degrees hot your wheeler call secretary called to say that honey stays in the' (state astronomy, judge astronomy OK)
  lam=2.0  [chemistry ] 'the acid and the gas in the water' -> 'you oxygen wouldn acid and s energy into must babies don t work here least let me buy you a drink everybody reaction chemical' (state chemistry, judge chemistry OK)
  lam=2.0  [chemistry ] 'the metal and the chemical elements' -> 'oxygen i reaction energy the must acid and s oh chemical process to turn d artagnan t it element have the names shrink anything' (state chemistry, judge chemistry OK)
  lam=2.0  [food      ] 'i cooked the bread and the cheese' -> 'he stuck bread wine cooking the chocolate nuts filled much dishes the fishing i sugar free honey what chicken personality especially would food butter' (state food, judge food OK)
  lam=2.0  [food      ] 'the wine and the meat for dinner' -> 'wine bread cooking the chocolate nuts filled with a dishes the sugar fishing i food personality especially would beans beer honey chicken places meat' (state food, judge food OK)
  lam=2.0  [football  ] 'the team won the game last night' -> 'the heart of medal medal honor honor i football and match steven game m matches players to here i was bowl team games league' (state football, judge football OK)
  lam=2.0  [football  ] 'he scored a goal in the match' -> 'steven you m bowl football and medal medal honor matches game match steven team m goal world games club you league players to ball' (state football, judge football OK)
  lam=2.0  [geography ] 'the river flows down the mountain' -> 'he gets river ocean stream any enjoy the citizen well personal i hill th the hills miles yeah wall you know i park in' (state geography, judge geography OK)
  lam=2.0  [geography ] 'the ocean near the island coast' -> 'guard river miles stream ocean enjoy any the sea mountain hill th the park hills wall yeah bay lake am beach close sand thing' (state geography, judge geography OK)
  lam=2.0  [law       ] 'the judge in the court room' -> 'jury law appointment at contract vienna today party t contracts you fairly good way to get duke tonight judge webb will even court unless' (state law, judge law OK)
  lam=2.0  [law       ] 'the law and the police officer' -> 'jury appointment law contract says party vienna today love t court to you justice executive that s judge contracts d artagnan duke tonight i' (state law, judge law OK)
  lam=2.0  [medicine  ] 'the doctor treated the sick patient' -> 'medical science they were in tune that d be seventy in new york surgery right studying scientist could is medicine engineering you philosophy what' (state medicine, judge medicine OK)
  lam=2.0  [medicine  ] 'the disease spread through the blood' -> 'medical science they were in tune that d be seventy in new york surgery right studying college you scientist could is engineering philosophy what' (state medicine, judge medicine OK)
  lam=2.0  [music     ] 'she played the piano and sang' -> 'opera piano and sounds strings orchestra boots reaction jazz i madame let me ask you something well i d theatre piece no est the' (state music, judge music OK)
  lam=2.0  [music     ] 'the band played a song on stage' -> 'opera i piano boots jazz a sounds like strings madame let orchestra est reaction d artagnan theatre your no hi loud headquarters now agree' (state music, judge music OK)
[steer] lam=2.0: topic-hold 16/16 = 1.000
[steer] lam=0.0: held-out top-1 200/400 = 0.5000
[steer] lam=0.5: held-out top-1 203/400 = 0.5075
[steer] lam=1.0: held-out top-1 196/400 = 0.4900
[steer] lam=1.5: held-out top-1 189/400 = 0.4725
[steer] lam=2.0: held-out top-1 174/400 = 0.4350
STEER RESULT: hold {"0.0": 0.1875, "0.5": 0.375, "1.0": 0.6875, "1.5": 0.8125, "2.0": 1.0} sanity {"0.0": 0.5, "0.5": 0.5075, "1.0": 0.49, "1.5": 0.4725, "2.0": 0.435}
STEER DONE
