[steer] building the word generator (frozen replay)...
[steer] generator ready: W=16 V=5000 val 0.2631 (308s build)
[steer] evidence floor: 2860/5000 targets keep steering (>= 3 occurrences in train articles)
[steer] topic model: 631 detectors, 8 topics; S matrix (5000, 8) (evidence floor ON)
  lam=0.0  [astronomy ] 'the stars in the night sky' -> 'but i m sorry i didn t you think the human race as figured out where are you it s not a clue what' (state astronomy, judge football)
  lam=0.0  [astronomy ] 'the planets around the sun' -> 'comes up with the idea of a bitch i m sorry i didn t you tell me what s that yeah well i ll' (state astronomy, judge football)
  lam=0.0  [chemistry ] 'the acid and the gas in the water' -> 'in his own name i don t know what the hell are you doing here i m not saying it s a good thing' (state chemistry, judge music)
  lam=0.0  [chemistry ] 'the metal and the chemical elements' -> 'such as yourself look at this point i m going to be a good time up we re not going to do with it' (state chemistry, judge football)
  lam=0.0  [food      ] 'i cooked the bread and the cheese' -> 'he stuck his nose did he say i m in love with you i m a little more it s a good thing she' (state food, judge football)
  lam=0.0  [food      ] 'the wine and the meat for dinner' -> 'you know what to do with it i m sorry i didn t have to talk to you about the cat i m gonna' (state food, judge football)
  lam=0.0  [football  ] 'the team won the game last night' -> 'i don t know what you re not going to be a lot of things i can t help it s not like that' (state football, judge music)
  lam=0.0  [football  ] 'he scored a goal in the match' -> 'paul you re going to be a good time i m not sure i can t do it for you and i m gonna' (state football, judge football OK)
  lam=0.0  [geography ] 'the river flows down the mountain' -> 'i don t know what you re a good one yah t be so sure this is the same thing all the time i' (state geography, judge food)
  lam=0.0  [geography ] 'the ocean near the island coast' -> 'guard has to be a good time pilgrim s in the world i don t know what you re not going to be me' (state geography, judge music)
  lam=0.0  [law       ] 'the judge in the court room' -> 'and the kids i m sorry i didn t do it for you to go to the bathroom not is that what you re' (state law, judge football)
  lam=0.0  [law       ] 'the law and the police officer' -> 'i ll t that what you re not going to be a good time pilgrim s in the world would be a man it' (state law, judge music)
  lam=0.0  [medicine  ] 'the doctor treated the sick patient' -> 'ate nine hours to come to the it s my fault i m not sure but you re just a little more yeah it' (state medicine, judge geography)
  lam=0.0  [medicine  ] 'the disease spread through the blood' -> 'line for you i m not sure i m a little more yeah it s the matter with you how can you do i' (state medicine, judge music)
  lam=0.0  [music     ] 'she played the piano and sang' -> 'to me i m sorry i didn t know that you re going to be here in the room with a lot of things' (state music, judge music OK)
  lam=0.0  [music     ] 'the band played a song on stage' -> 'and we ll t it i m not sure i m sorry i didn t mean to be a good idea yes you have' (state music, judge food)
[steer] lam=0.0: topic-hold 2/16 = 0.125
  lam=0.5  [astronomy ] 'the stars in the night sky' -> 'but no one s answering machine saying he s stars shall not have taught me louis right she s galaxy by now the other' (state astronomy, judge food)
  lam=0.5  [astronomy ] 'the planets around the sun' -> 'comes up with the galaxy by now you re going to be a good thing your honor i m not sure i can t' (state astronomy, judge music)
  lam=0.5  [chemistry ] 'the acid and the gas in the water' -> 'in his own business i m sorry i didn t it acid and s s men are going to do with it i m' (state chemistry, judge football)
  lam=0.5  [chemistry ] 'the metal and the chemical elements' -> 'such as yourself look at this point i m going to be a good thing your honor i ll t acid and s from' (state chemistry, judge chemistry OK)
  lam=0.5  [food      ] 'i cooked the bread and the cheese' -> 'he stuck his nose did he say i m chocolate milk on a hunch t nuts i mean cooking the books but you re' (state food, judge food OK)
  lam=0.5  [food      ] 'the wine and the meat for dinner' -> 'you know what s the matter with you wine sweetheart was so beautiful grady so chocolate milk on a hunch nuts i mean sugar' (state food, judge food OK)
  lam=0.5  [football  ] 'the team won the game last night' -> 'i don t know what you re a team of little murderers for the football and your father matches are oh yes i m' (state football, judge football OK)
  lam=0.5  [football  ] 'he scored a goal in the match' -> 'paul you re matches the oh it s a bowl and they football and your best play it bring me some money no they' (state football, judge football OK)
  lam=0.5  [geography ] 'the river flows down the mountain' -> 'i don t know what you re not going to do with it i m ocean of any value to you miles from here' (state geography, judge music)
  lam=0.5  [geography ] 'the ocean near the island coast' -> 'guard has just come from you i m sorry i didn t river it s the matter with you and your father s third' (state geography, judge football)
  lam=0.5  [law       ] 'the judge in the court room' -> 'and the appointment i m sorry i didn t party law firm you re not a jury bought off to the contract says i' (state law, judge football)
  lam=0.5  [law       ] 'the law and the police officer' -> 'i ll t you jury can have a law firm handling the scene we re in trouble appointment at his watch with me party' (state law, judge law OK)
  lam=0.5  [medicine  ] 'the doctor treated the sick patient' -> 'ate nine hours to make a difference if you surgery right now scientist could do it medical science they were college fund he m' (state medicine, judge medicine OK)
  lam=0.5  [medicine  ] 'the disease spread through the blood' -> 'line for you i m not sure i m medical science they you re a engineering and state of the studying for your own' (state medicine, judge geography)
  lam=0.5  [music     ] 'she played the piano and sang' -> 'to me i m opera you know what i was strings we know that s all right jazz why not i m sorry i' (state music, judge music OK)
  lam=0.5  [music     ] 'the band played a song on stage' -> 'and we ll t opera the tonight i m piano and i m not sure jazz i never thought of that she s boots' (state music, judge music OK)
[steer] lam=0.5: topic-hold 9/16 = 0.562
  lam=1.0  [astronomy ] 'the stars in the night sky' -> 'but no one else galaxy what s the matter with you stars i juliet juliet i will not launch an a little wheeler call' (state astronomy, judge geography)
  lam=1.0  [astronomy ] 'the planets around the sun' -> 'comes up with the galaxy by now sorry and i stars shall not have taught him to the wheeler call secretary called to complain' (state astronomy, judge law)
  lam=1.0  [chemistry ] 'the acid and the gas in the water' -> 'in his own acid and s s i don t know what to do with it oxygen wouldn those freak i don t know' (state chemistry, judge chemistry OK)
  lam=1.0  [chemistry ] 'the metal and the chemical elements' -> 'to oxygen wouldn two acid and s s animals what did you get reaction she s a energy of a t v station tell' (state chemistry, judge chemistry OK)
  lam=1.0  [food      ] 'i cooked the bread and the cheese' -> 'he stuck his nose bread and wine can you fishing your the what chocolate milk on a cooking the sugar it s dishes the' (state food, judge food OK)
  lam=1.0  [food      ] 'the wine and the meat for dinner' -> 'bread and wine can you cooking how about you i chocolate milk on a hunch beans beer the your call but boy was here' (state food, judge food OK)
  lam=1.0  [football  ] 'the team won the game last night' -> 'football and your matches are a match steven s m not bowl fruit plate there don t know club at the game medal medal' (state football, judge football OK)
  lam=1.0  [football  ] 'he scored a goal in the match' -> 'paul you re match steven s m not medal medal and honor you ll t team football players only here boys so i club' (state football, judge football OK)
  lam=1.0  [geography ] 'the river flows down the mountain' -> 'i don t know ocean completely you mean river it s miles to the park sea monster he was hill th the ma am' (state geography, judge geography OK)
  lam=1.0  [geography ] 'the ocean near the island coast' -> 'guard has just come from you i m ocean is any time you river it s not miles from here to sea and i' (state geography, judge geography OK)
  lam=1.0  [law       ] 'the judge in the court room' -> 'and the jury can have a law firm handling the scene we re appointment at his office wade i second the time i saw' (state law, judge football)
  lam=1.0  [law       ] 'the law and the police officer' -> 'i ll jury bought off to the appointment i m not law party vienna today don t know what you re executive officer a' (state law, judge music)
  lam=1.0  [medicine  ] 'the doctor treated the sick patient' -> 'ate nine hours to make a surgery i ll engineering is most likely way for medical science they thank you studying now mrs peel' (state medicine, judge medicine OK)
  lam=1.0  [medicine  ] 'the disease spread through the blood' -> 'line for you scientist could do it medical science they you re a surgery i ll t engineering and the therapy was the studying' (state medicine, judge medicine OK)
  lam=1.0  [music     ] 'she played the piano and sang' -> 'opera from it piano guy got a orchestra if reaction to music or the other side of the est and d in the boots' (state music, judge music OK)
  lam=1.0  [music     ] 'the band played a song on stage' -> 'and we ll jazz i never opera the tonight hi not yet piano and i sounds like a est en route known as a' (state music, judge music OK)
[steer] lam=1.0: topic-hold 12/16 = 0.750
  lam=1.5  [astronomy ] 'the stars in the night sky' -> 'but no one hole this is stars shall not happen galaxy black is that what you re wheeler had secretary general of the degrees' (state astronomy, judge astronomy OK)
  lam=1.5  [astronomy ] 'the planets around the sun' -> 'comes up with the galaxy what s stars shall juliet i will hole in the tommy was all over again no problem wheeler had' (state astronomy, judge chemistry)
  lam=1.5  [chemistry ] 'the acid and the gas in the water' -> 'oxygen wouldn t reaction to acid and s s energy of a babies don t chemical in the gas i just want to shrink' (state chemistry, judge chemistry OK)
  lam=1.5  [chemistry ] 'the metal and the chemical elements' -> 'oxygen wouldn henry friggin t acid and s s reaction when they energy of a babies don t know what you re element have' (state chemistry, judge chemistry OK)
  lam=1.5  [food      ] 'i cooked the bread and the cheese' -> 'he stuck his wine from now on bread it s cooking the fishing was good dishes the empty one is sugar free chocolate milk' (state food, judge food OK)
  lam=1.5  [food      ] 'the wine and the meat for dinner' -> 'wine bread and nuts and did you chocolate milk on a cooking the sugar it s fishing and for all food dishes the right' (state food, judge food OK)
  lam=1.5  [football  ] 'the team won the game last night' -> 'football and your bowl fruit plate there s a team of little murderers they have club matches the oh match paul you re medal' (state football, judge football OK)
  lam=1.5  [football  ] 'he scored a goal in the match' -> 'paul you football and your matches bowl oh they re game i medal medal and honor you ll match paul you club at the' (state football, judge football OK)
  lam=1.5  [geography ] 'the river flows down the mountain' -> 'i d like to miles ocean completely you mean hills we yeah no kidding river it s sea stream its enjoy the beauty of' (state geography, judge geography OK)
  lam=1.5  [geography ] 'the ocean near the island coast' -> 'guard has just come from river it s park the miles of red roof anymore hills we yeah no kidding hill country what do' (state geography, judge football)
  lam=1.5  [law       ] 'the judge in the court room' -> 'jury law firm handling the scene appointment at his master how do you party with her contract we i duke tonight i m not' (state law, judge law OK)
  lam=1.5  [law       ] 'the law and the police officer' -> 'i jury enough to appointment at his office law you can t party vienna today don t know what contract we could be judge' (state law, judge law OK)
  lam=1.5  [medicine  ] 'the doctor treated the sick patient' -> 'medical science they you re college fund he m the one who studying for your philosophy it s therapy was surgery right now engineering' (state medicine, judge medicine OK)
  lam=1.5  [medicine  ] 'the disease spread through the blood' -> 'line for you college fund he m the one who surgery right now medical science they you re engineering and emergency i have to' (state medicine, judge medicine OK)
  lam=1.5  [music     ] 'she played the piano and sang' -> 'opera you are piano and i orchestra if reaction she s strings we know that theatre your no you jazz madame let me boots' (state music, judge music OK)
  lam=1.5  [music     ] 'the band played a song on stage' -> 'and we piano lessons from ve opera you know sounds to me jazz your orchestra if reaction she s boots that s est g' (state music, judge music OK)
[steer] lam=1.5: topic-hold 14/16 = 0.875
  lam=2.0  [astronomy ] 'the stars in the night sky' -> 'but no one hole this is galaxy black is that what you core where darkness this keep me the degrees hot your lips around' (state astronomy, judge astronomy OK)
  lam=2.0  [astronomy ] 'the planets around the sun' -> 'the more hole wheeler call secretary called to say stars shall not have galaxy black is that core where darkness would keep my tommy' (state astronomy, judge astronomy OK)
  lam=2.0  [chemistry ] 'the acid and the gas in the water' -> 'oxygen wouldn t acid and energy into something else chemical in the babies were crying no are you doing here i m reaction to' (state chemistry, judge chemistry OK)
  lam=2.0  [chemistry ] 'the metal and the chemical elements' -> 'oxygen wouldn t element have a acid and energy of a reaction to the chemical in the babies were crying no are you gas' (state chemistry, judge chemistry OK)
  lam=2.0  [food      ] 'i cooked the bread and the cheese' -> 'he stuck his bread and wine can you chocolate cooking the nuts i mean sugar beans beer gear dishes the empty one is fishing' (state food, judge food OK)
  lam=2.0  [food      ] 'the wine and the meat for dinner' -> 'wine bread and nuts and chocolate and filled with cooking the sugar it s fishing and for all dishes the empty one is butter' (state food, judge food OK)
  lam=2.0  [football  ] 'the team won the game last night' -> 'football and only bowl matches the oh medal medal and honor you team game match steven s m players to here club ball games' (state football, judge football OK)
  lam=2.0  [football  ] 'he scored a goal in the match' -> 'paul you medal medal and honor football players only game in the matches bowl oh games theory that he match steven s m league' (state football, judge football OK)
  lam=2.0  [geography ] 'the river flows down the mountain' -> 'i don t ocean completely you mean river it s sea level so we can stream its enjoy hill th the ma am miles' (state geography, judge geography OK)
  lam=2.0  [geography ] 'the ocean near the island coast' -> 'guard has just miles river it s ocean is any time park in the sea lake forest orange whip you are hills we yeah' (state geography, judge geography OK)
  lam=2.0  [law       ] 'the judge in the court room' -> 'jury law appointment at his office vienna today don t know party judge contract says i m duke tonight i court contracts you do' (state law, judge law OK)
  lam=2.0  [law       ] 'the law and the police officer' -> 'jury appointment at his office law firm handling the sales and services what do you executive committee of the party court to go contracts' (state law, judge law OK)
  lam=2.0  [medicine  ] 'the doctor treated the sick patient' -> 'medical science they you scientist could do college fund look i m studying the mrs here just surgery are you therapy was engineering is' (state medicine, judge medicine OK)
  lam=2.0  [medicine  ] 'the disease spread through the blood' -> 'line for you college fund he m the medical scientist could do surgery right now therapy was the philosophy of did it engineering medicine' (state medicine, judge medicine OK)
  lam=2.0  [music     ] 'she played the piano and sang' -> 'opera piano and i sounds like a jazz orchestra est reaction d artagnan strings we know theatre piece my hi headquarters check up on' (state music, judge music OK)
  lam=2.0  [music     ] 'the band played a song on stage' -> 'and we opera jazz i never piano and i est the d a orchestra if reaction to music as you can t sounds like' (state music, judge music OK)
[steer] lam=2.0: topic-hold 16/16 = 1.000
[steer] lam=0.0: held-out top-1 104/400 = 0.2600
[steer] lam=0.5: held-out top-1 103/400 = 0.2575
[steer] lam=1.0: held-out top-1 90/400 = 0.2250
[steer] lam=1.5: held-out top-1 74/400 = 0.1850
[steer] lam=2.0: held-out top-1 65/400 = 0.1625
STEER RESULT: hold {"0.0": 0.125, "0.5": 0.5625, "1.0": 0.75, "1.5": 0.875, "2.0": 1.0} sanity {"0.0": 0.26, "0.5": 0.2575, "1.0": 0.225, "1.5": 0.185, "2.0": 0.1625}
STEER DONE
