=== MNIST-Pipe battery ===
building statistics layer (features are the environment)…
stats layer v2: 677 fixed dims (deskew + zones + profiles + grad-hist + PCA)
centroid baseline (no evolution): 0.9095
--- LAYER 2a: detector genomes (10x one-vs-rest) ---
  [det0] gen 1: val_logprob=-1.0224 val_acc=0.7571
  [det0] gen 200: val_logprob=-0.4444 val_acc=0.9254
  [det0] gen 400: val_logprob=-0.2905 val_acc=0.9604
  [det0] gen 600: val_logprob=-0.2212 val_acc=0.9707
  [det0] gen 800: val_logprob=-0.1816 val_acc=0.9785
  [det0] gen 1000: val_logprob=-0.1291 val_acc=0.9833
  [det0] gen 1200: val_logprob=-0.1193 val_acc=0.9845
  [det0] gen 1400: val_logprob=-0.0986 val_acc=0.9884
  [det0] gen 1600: val_logprob=-0.1196 val_acc=0.9871
  [det0] gen 1800: val_logprob=-0.0954 val_acc=0.9871
  [det0] gen 2000: val_logprob=-0.0858 val_acc=0.9856
  [det0] gen 2200: val_logprob=-0.0744 val_acc=0.9883
  [det0] gen 2400: val_logprob=-0.0877 val_acc=0.9894
  [det0] gen 2600: val_logprob=-0.0644 val_acc=0.9904
  [det0] gen 2800: val_logprob=-0.0625 val_acc=0.9907
  [det0] gen 3000: val_logprob=-0.0654 val_acc=0.9914
  [det0] gen 3200: val_logprob=-0.0683 val_acc=0.9903
  [det0] gen 3400: val_logprob=-0.0638 val_acc=0.9924
  [det0] gen 3600: val_logprob=-0.0564 val_acc=0.9941
  [det0] gen 3800: val_logprob=-0.0680 val_acc=0.9908
  [det0] gen 4000: val_logprob=-0.0636 val_acc=0.9908
  [det0] gen 4200: val_logprob=-0.0554 val_acc=0.9915
  [det0] gen 4400: val_logprob=-0.0744 val_acc=0.9893
  [det0] gen 4600: val_logprob=-0.0958 val_acc=0.9885
  [det0] gen 4800: val_logprob=-0.0889 val_acc=0.9922
  [det0] gen 5000: val_logprob=-0.0821 val_acc=0.9925
[detector 0] done: balanced val_acc=0.9915
  [det1] gen 1: val_logprob=-0.9959 val_acc=0.7667
  [det1] gen 200: val_logprob=-0.3282 val_acc=0.9464
  [det1] gen 400: val_logprob=-0.1712 val_acc=0.9734
  [det1] gen 600: val_logprob=-0.1363 val_acc=0.9791
  [det1] gen 800: val_logprob=-0.1767 val_acc=0.9839
  [det1] gen 1000: val_logprob=-0.1356 val_acc=0.9889
  [det1] gen 1200: val_logprob=-0.1334 val_acc=0.9892
  [det1] gen 1400: val_logprob=-0.1542 val_acc=0.9862
  [det1] gen 1600: val_logprob=-0.1409 val_acc=0.9891
  [det1] gen 1800: val_logprob=-0.1380 val_acc=0.9887
  [det1] gen 2000: val_logprob=-0.1241 val_acc=0.9927
  [det1] gen 2200: val_logprob=-0.1179 val_acc=0.9911
  [det1] gen 2400: val_logprob=-0.1362 val_acc=0.9884
  [det1] gen 2600: val_logprob=-0.1377 val_acc=0.9893
  [det1] gen 2800: val_logprob=-0.1390 val_acc=0.9899
  [det1] gen 3000: val_logprob=-0.1178 val_acc=0.9900
  [det1] gen 3200: val_logprob=-0.1362 val_acc=0.9901
  [det1] gen 3400: val_logprob=-0.0875 val_acc=0.9908
  [det1] gen 3600: val_logprob=-0.0984 val_acc=0.9912
  [det1] gen 3800: val_logprob=-0.1322 val_acc=0.9918
  [det1] gen 4000: val_logprob=-0.1393 val_acc=0.9906
  [det1] gen 4200: val_logprob=-0.1305 val_acc=0.9913
  [det1] gen 4400: val_logprob=-0.1434 val_acc=0.9902
  [det1] gen 4600: val_logprob=-0.1377 val_acc=0.9892
  [det1] gen 4800: val_logprob=-0.1367 val_acc=0.9886
  [det1] gen 5000: val_logprob=-0.1312 val_acc=0.9877
[detector 1] done: balanced val_acc=0.9908
  [det2] gen 1: val_logprob=-1.0856 val_acc=0.7137
  [det2] gen 200: val_logprob=-0.4279 val_acc=0.9334
  [det2] gen 400: val_logprob=-0.3567 val_acc=0.9528
  [det2] gen 600: val_logprob=-0.2524 val_acc=0.9646
  [det2] gen 800: val_logprob=-0.2695 val_acc=0.9713
  [det2] gen 1000: val_logprob=-0.2316 val_acc=0.9737
  [det2] gen 1200: val_logprob=-0.2122 val_acc=0.9756
  [det2] gen 1400: val_logprob=-0.2004 val_acc=0.9753
  [det2] gen 1600: val_logprob=-0.2008 val_acc=0.9742
  [det2] gen 1800: val_logprob=-0.2153 val_acc=0.9752
  [det2] gen 2000: val_logprob=-0.1421 val_acc=0.9816
  [det2] gen 2200: val_logprob=-0.1677 val_acc=0.9795
  [det2] gen 2400: val_logprob=-0.1555 val_acc=0.9827
  [det2] gen 2600: val_logprob=-0.1765 val_acc=0.9795
  [det2] gen 2800: val_logprob=-0.1516 val_acc=0.9810
  [det2] gen 3000: val_logprob=-0.1355 val_acc=0.9813
  [det2] gen 3200: val_logprob=-0.1410 val_acc=0.9794
  [det2] gen 3400: val_logprob=-0.1386 val_acc=0.9844
  [det2] gen 3600: val_logprob=-0.1824 val_acc=0.9825
  [det2] gen 3800: val_logprob=-0.1896 val_acc=0.9824
  [det2] gen 4000: val_logprob=-0.1604 val_acc=0.9830
  [det2] gen 4200: val_logprob=-0.1566 val_acc=0.9813
  [det2] gen 4400: val_logprob=-0.1643 val_acc=0.9821
  [det2] gen 4600: val_logprob=-0.1512 val_acc=0.9829
  [det2] gen 4800: val_logprob=-0.1692 val_acc=0.9819
  [det2] gen 5000: val_logprob=-0.1840 val_acc=0.9819
[detector 2] done: balanced val_acc=0.9813
  [det3] gen 1: val_logprob=-1.1209 val_acc=0.7539
  [det3] gen 200: val_logprob=-0.5254 val_acc=0.9094
  [det3] gen 400: val_logprob=-0.3328 val_acc=0.9486
  [det3] gen 600: val_logprob=-0.2577 val_acc=0.9650
  [det3] gen 800: val_logprob=-0.2037 val_acc=0.9741
  [det3] gen 1000: val_logprob=-0.1967 val_acc=0.9701
  [det3] gen 1200: val_logprob=-0.1640 val_acc=0.9747
  [det3] gen 1400: val_logprob=-0.1486 val_acc=0.9776
  [det3] gen 1600: val_logprob=-0.1414 val_acc=0.9784
  [det3] gen 1800: val_logprob=-0.1428 val_acc=0.9775
  [det3] gen 2000: val_logprob=-0.1374 val_acc=0.9788
  [det3] gen 2200: val_logprob=-0.1007 val_acc=0.9834
  [det3] gen 2400: val_logprob=-0.1069 val_acc=0.9841
  [det3] gen 2600: val_logprob=-0.1088 val_acc=0.9812
  [det3] gen 2800: val_logprob=-0.1073 val_acc=0.9813
  [det3] gen 3000: val_logprob=-0.1052 val_acc=0.9813
  [det3] gen 3200: val_logprob=-0.1129 val_acc=0.9819
  [det3] gen 3400: val_logprob=-0.1014 val_acc=0.9841
  [det3] gen 3600: val_logprob=-0.0886 val_acc=0.9859
  [det3] gen 3800: val_logprob=-0.0771 val_acc=0.9880
  [det3] gen 4000: val_logprob=-0.0691 val_acc=0.9885
  [det3] gen 4200: val_logprob=-0.0797 val_acc=0.9871
  [det3] gen 4400: val_logprob=-0.0693 val_acc=0.9902
  [det3] gen 4600: val_logprob=-0.0758 val_acc=0.9870
  [det3] gen 4800: val_logprob=-0.0669 val_acc=0.9898
  [det3] gen 5000: val_logprob=-0.0750 val_acc=0.9869
[detector 3] done: balanced val_acc=0.9898
  [det4] gen 1: val_logprob=-1.0930 val_acc=0.7346
  [det4] gen 200: val_logprob=-0.5154 val_acc=0.9130
  [det4] gen 400: val_logprob=-0.3625 val_acc=0.9418
  [det4] gen 600: val_logprob=-0.2838 val_acc=0.9599
  [det4] gen 800: val_logprob=-0.2094 val_acc=0.9678
  [det4] gen 1000: val_logprob=-0.1867 val_acc=0.9712
  [det4] gen 1200: val_logprob=-0.1782 val_acc=0.9744
  [det4] gen 1400: val_logprob=-0.1583 val_acc=0.9739
  [det4] gen 1600: val_logprob=-0.1712 val_acc=0.9733
  [det4] gen 1800: val_logprob=-0.1711 val_acc=0.9724
  [det4] gen 2000: val_logprob=-0.1929 val_acc=0.9752
  [det4] gen 2200: val_logprob=-0.1886 val_acc=0.9739
  [det4] gen 2400: val_logprob=-0.1656 val_acc=0.9753
  [det4] gen 2600: val_logprob=-0.1560 val_acc=0.9769
  [det4] gen 2800: val_logprob=-0.1625 val_acc=0.9824
  [det4] gen 3000: val_logprob=-0.1799 val_acc=0.9765
  [det4] gen 3200: val_logprob=-0.1762 val_acc=0.9768
  [det4] gen 3400: val_logprob=-0.1749 val_acc=0.9719
  [det4] gen 3600: val_logprob=-0.1570 val_acc=0.9768
  [det4] gen 3800: val_logprob=-0.1662 val_acc=0.9780
  [det4] gen 4000: val_logprob=-0.1354 val_acc=0.9811
  [det4] gen 4200: val_logprob=-0.1740 val_acc=0.9801
  [det4] gen 4400: val_logprob=-0.1706 val_acc=0.9776
  [det4] gen 4600: val_logprob=-0.1659 val_acc=0.9792
  [det4] gen 4800: val_logprob=-0.1748 val_acc=0.9788
  [det4] gen 5000: val_logprob=-0.1491 val_acc=0.9781
[detector 4] done: balanced val_acc=0.9811
  [det5] gen 1: val_logprob=-1.1249 val_acc=0.7083
  [det5] gen 200: val_logprob=-0.5900 val_acc=0.8891
  [det5] gen 400: val_logprob=-0.4470 val_acc=0.9270
  [det5] gen 600: val_logprob=-0.3784 val_acc=0.9447
  [det5] gen 800: val_logprob=-0.3048 val_acc=0.9542
  [det5] gen 1000: val_logprob=-0.2740 val_acc=0.9600
  [det5] gen 1200: val_logprob=-0.2589 val_acc=0.9643
  [det5] gen 1400: val_logprob=-0.2390 val_acc=0.9669
  [det5] gen 1600: val_logprob=-0.2198 val_acc=0.9718
  [det5] gen 1800: val_logprob=-0.2078 val_acc=0.9738
  [det5] gen 2000: val_logprob=-0.1998 val_acc=0.9747
  [det5] gen 2200: val_logprob=-0.1983 val_acc=0.9747
  [det5] gen 2400: val_logprob=-0.1805 val_acc=0.9786
  [det5] gen 2600: val_logprob=-0.1685 val_acc=0.9785
  [det5] gen 2800: val_logprob=-0.1942 val_acc=0.9746
  [det5] gen 3000: val_logprob=-0.2029 val_acc=0.9714
  [det5] gen 3200: val_logprob=-0.1990 val_acc=0.9781
  [det5] gen 3400: val_logprob=-0.1762 val_acc=0.9775
  [det5] gen 3600: val_logprob=-0.2004 val_acc=0.9792
  [det5] gen 3800: val_logprob=-0.2344 val_acc=0.9774
  [det5] gen 4000: val_logprob=-0.2529 val_acc=0.9764
  [det5] gen 4200: val_logprob=-0.2337 val_acc=0.9775
  [det5] gen 4400: val_logprob=-0.2585 val_acc=0.9797
  [det5] gen 4600: val_logprob=-0.2312 val_acc=0.9774
  [det5] gen 4800: val_logprob=-0.2800 val_acc=0.9785
  [det5] gen 5000: val_logprob=-0.2667 val_acc=0.9728
[detector 5] done: balanced val_acc=0.9785
  [det6] gen 1: val_logprob=-1.0110 val_acc=0.8023
  [det6] gen 200: val_logprob=-0.4411 val_acc=0.9191
  [det6] gen 400: val_logprob=-0.2488 val_acc=0.9630
  [det6] gen 600: val_logprob=-0.1918 val_acc=0.9707
  [det6] gen 800: val_logprob=-0.1865 val_acc=0.9734
  [det6] gen 1000: val_logprob=-0.1382 val_acc=0.9827
  [det6] gen 1200: val_logprob=-0.1244 val_acc=0.9871
  [det6] gen 1400: val_logprob=-0.1241 val_acc=0.9863
  [det6] gen 1600: val_logprob=-0.1076 val_acc=0.9892
  [det6] gen 1800: val_logprob=-0.1103 val_acc=0.9883
  [det6] gen 2000: val_logprob=-0.1219 val_acc=0.9902
  [det6] gen 2200: val_logprob=-0.1222 val_acc=0.9910
  [det6] gen 2400: val_logprob=-0.1150 val_acc=0.9914
  [det6] gen 2600: val_logprob=-0.1096 val_acc=0.9907
  [det6] gen 2800: val_logprob=-0.1003 val_acc=0.9891
  [det6] gen 3000: val_logprob=-0.1057 val_acc=0.9876
  [det6] gen 3200: val_logprob=-0.0997 val_acc=0.9884
  [det6] gen 3400: val_logprob=-0.1169 val_acc=0.9851
  [det6] gen 3600: val_logprob=-0.0813 val_acc=0.9907
  [det6] gen 3800: val_logprob=-0.0673 val_acc=0.9918
  [det6] gen 4000: val_logprob=-0.0593 val_acc=0.9939
  [det6] gen 4200: val_logprob=-0.0697 val_acc=0.9916
  [det6] gen 4400: val_logprob=-0.0710 val_acc=0.9900
  [det6] gen 4600: val_logprob=-0.0648 val_acc=0.9921
  [det6] gen 4800: val_logprob=-0.0708 val_acc=0.9917
  [det6] gen 5000: val_logprob=-0.0629 val_acc=0.9919
[detector 6] done: balanced val_acc=0.9939
  [det7] gen 1: val_logprob=-1.0711 val_acc=0.7504
  [det7] gen 200: val_logprob=-0.4594 val_acc=0.9238
  [det7] gen 400: val_logprob=-0.3103 val_acc=0.9516
  [det7] gen 600: val_logprob=-0.1955 val_acc=0.9700
  [det7] gen 800: val_logprob=-0.1554 val_acc=0.9775
  [det7] gen 1000: val_logprob=-0.1568 val_acc=0.9816
  [det7] gen 1200: val_logprob=-0.1758 val_acc=0.9794
  [det7] gen 1400: val_logprob=-0.2049 val_acc=0.9757
  [det7] gen 1600: val_logprob=-0.1831 val_acc=0.9759
  [det7] gen 1800: val_logprob=-0.1728 val_acc=0.9772
  [det7] gen 2000: val_logprob=-0.1544 val_acc=0.9815
  [det7] gen 2200: val_logprob=-0.1529 val_acc=0.9825
  [det7] gen 2400: val_logprob=-0.1684 val_acc=0.9797
  [det7] gen 2600: val_logprob=-0.1466 val_acc=0.9828
  [det7] gen 2800: val_logprob=-0.1423 val_acc=0.9838
  [det7] gen 3000: val_logprob=-0.1861 val_acc=0.9814
  [det7] gen 3200: val_logprob=-0.1919 val_acc=0.9786
  [det7] gen 3400: val_logprob=-0.1821 val_acc=0.9818
  [det7] gen 3600: val_logprob=-0.1802 val_acc=0.9795
  [det7] gen 3800: val_logprob=-0.2245 val_acc=0.9821
  [det7] gen 4000: val_logprob=-0.1799 val_acc=0.9832
  [det7] gen 4200: val_logprob=-0.2180 val_acc=0.9834
  [det7] gen 4400: val_logprob=-0.2643 val_acc=0.9793
  [det7] gen 4600: val_logprob=-0.2412 val_acc=0.9848
  [det7] gen 4800: val_logprob=-0.2614 val_acc=0.9816
  [det7] gen 5000: val_logprob=-0.2109 val_acc=0.9841
[detector 7] done: balanced val_acc=0.9838
  [det8] gen 1: val_logprob=-1.2090 val_acc=0.6988
  [det8] gen 200: val_logprob=-0.5459 val_acc=0.8985
  [det8] gen 400: val_logprob=-0.4223 val_acc=0.9204
  [det8] gen 600: val_logprob=-0.3418 val_acc=0.9441
  [det8] gen 800: val_logprob=-0.2438 val_acc=0.9588
  [det8] gen 1000: val_logprob=-0.2155 val_acc=0.9617
  [det8] gen 1200: val_logprob=-0.1887 val_acc=0.9685
  [det8] gen 1400: val_logprob=-0.1952 val_acc=0.9698
  [det8] gen 1600: val_logprob=-0.1643 val_acc=0.9712
  [det8] gen 1800: val_logprob=-0.1787 val_acc=0.9739
  [det8] gen 2000: val_logprob=-0.2283 val_acc=0.9642
  [det8] gen 2200: val_logprob=-0.2008 val_acc=0.9702
  [det8] gen 2400: val_logprob=-0.1964 val_acc=0.9708
  [det8] gen 2600: val_logprob=-0.1930 val_acc=0.9705
  [det8] gen 2800: val_logprob=-0.2145 val_acc=0.9712
  [det8] gen 3000: val_logprob=-0.1827 val_acc=0.9740
  [det8] gen 3200: val_logprob=-0.2024 val_acc=0.9704
  [det8] gen 3400: val_logprob=-0.2045 val_acc=0.9713
  [det8] gen 3600: val_logprob=-0.1610 val_acc=0.9729
  [det8] gen 3800: val_logprob=-0.1706 val_acc=0.9768
  [det8] gen 4000: val_logprob=-0.1531 val_acc=0.9755
  [det8] gen 4200: val_logprob=-0.1256 val_acc=0.9740
  [det8] gen 4400: val_logprob=-0.1481 val_acc=0.9765
  [det8] gen 4600: val_logprob=-0.1334 val_acc=0.9799
  [det8] gen 4800: val_logprob=-0.1915 val_acc=0.9770
  [det8] gen 5000: val_logprob=-0.2018 val_acc=0.9722
[detector 8] done: balanced val_acc=0.974
  [det9] gen 1: val_logprob=-1.0990 val_acc=0.7360
  [det9] gen 200: val_logprob=-0.5721 val_acc=0.8940
  [det9] gen 400: val_logprob=-0.3896 val_acc=0.9357
  [det9] gen 600: val_logprob=-0.3364 val_acc=0.9461
  [det9] gen 800: val_logprob=-0.2858 val_acc=0.9584
  [det9] gen 1000: val_logprob=-0.2778 val_acc=0.9655
  [det9] gen 1200: val_logprob=-0.2443 val_acc=0.9694
  [det9] gen 1400: val_logprob=-0.2663 val_acc=0.9666
  [det9] gen 1600: val_logprob=-0.2730 val_acc=0.9711
  [det9] gen 1800: val_logprob=-0.2632 val_acc=0.9671
  [det9] gen 2000: val_logprob=-0.2797 val_acc=0.9684
  [det9] gen 2200: val_logprob=-0.2493 val_acc=0.9719
  [det9] gen 2400: val_logprob=-0.2474 val_acc=0.9725
  [det9] gen 2600: val_logprob=-0.2398 val_acc=0.9764
  [det9] gen 2800: val_logprob=-0.2215 val_acc=0.9790
  [det9] gen 3000: val_logprob=-0.2502 val_acc=0.9726
  [det9] gen 3200: val_logprob=-0.2334 val_acc=0.9770
  [det9] gen 3400: val_logprob=-0.2322 val_acc=0.9746
  [det9] gen 3600: val_logprob=-0.2278 val_acc=0.9761
  [det9] gen 3800: val_logprob=-0.2032 val_acc=0.9757
  [det9] gen 4000: val_logprob=-0.1866 val_acc=0.9788
  [det9] gen 4200: val_logprob=-0.1903 val_acc=0.9796
  [det9] gen 4400: val_logprob=-0.2258 val_acc=0.9763
  [det9] gen 4600: val_logprob=-0.2307 val_acc=0.9767
  [det9] gen 4800: val_logprob=-0.2684 val_acc=0.9736
  [det9] gen 5000: val_logprob=-0.2656 val_acc=0.9775
[detector 9] done: balanced val_acc=0.9788
--- LAYER 3: output mixer ---
  [mixer] gen 1: val_logprob=-0.1696 val_acc=0.9756 (argmax base 0.9778)
  [mixer] gen 100: val_logprob=-0.1651 val_acc=0.9746 (argmax base 0.9778)
  [mixer] gen 200: val_logprob=-0.1528 val_acc=0.9756 (argmax base 0.9778)
  [mixer] gen 300: val_logprob=-0.1395 val_acc=0.9784 (argmax base 0.9778)
  [mixer] gen 400: val_logprob=-0.1488 val_acc=0.9792 (argmax base 0.9778)
  [mixer] gen 500: val_logprob=-0.1362 val_acc=0.9774 (argmax base 0.9778)
  [mixer] gen 600: val_logprob=-0.1379 val_acc=0.9774 (argmax base 0.9778)
  [mixer] gen 700: val_logprob=-0.1578 val_acc=0.9788 (argmax base 0.9778)
  [mixer] gen 800: val_logprob=-0.1343 val_acc=0.9796 (argmax base 0.9778)
  [mixer] gen 900: val_logprob=-0.1302 val_acc=0.9776 (argmax base 0.9778)
  [mixer] gen 1000: val_logprob=-0.1285 val_acc=0.9784 (argmax base 0.9778)
  [mixer] gen 1100: val_logprob=-0.1203 val_acc=0.9770 (argmax base 0.9778)
  [mixer] gen 1200: val_logprob=-0.1304 val_acc=0.9768 (argmax base 0.9778)
  [mixer] gen 1300: val_logprob=-0.1174 val_acc=0.9786 (argmax base 0.9778)
  [mixer] gen 1400: val_logprob=-0.1433 val_acc=0.9754 (argmax base 0.9778)
  [mixer] gen 1500: val_logprob=-0.1244 val_acc=0.9784 (argmax base 0.9778)
  [mixer] gen 1600: val_logprob=-0.1292 val_acc=0.9792 (argmax base 0.9778)
  [mixer] gen 1700: val_logprob=-0.1340 val_acc=0.9792 (argmax base 0.9778)
  [mixer] gen 1800: val_logprob=-0.1403 val_acc=0.9776 (argmax base 0.9778)
  [mixer] gen 1900: val_logprob=-0.1400 val_acc=0.9782 (argmax base 0.9778)
  [mixer] gen 2000: val_logprob=-0.1352 val_acc=0.9768 (argmax base 0.9778)
--- LAYER 2b: pairwise disambiguators (45x one-vs-one) ---
  [pw01] gen 1: val_logprob=-0.6266 val_acc=0.9633
  [pw01] gen 400: val_logprob=-0.0566 val_acc=0.9991
  [pw01] gen 800: val_logprob=-0.0000 val_acc=1.0000
  [pw01] gen 1200: val_logprob=-0.0000 val_acc=1.0000
  [pw01] gen 1600: val_logprob=-0.0000 val_acc=1.0000
  [pw01] gen 2000: val_logprob=-0.0000 val_acc=1.0000
  [pw01] gen 2400: val_logprob=-0.0000 val_acc=1.0000
  [pw01] gen 2800: val_logprob=-0.0000 val_acc=1.0000
  [pw02] gen 1: val_logprob=-1.0044 val_acc=0.7678
  [pw02] gen 400: val_logprob=-0.0932 val_acc=0.9918
  [pw02] gen 800: val_logprob=-0.1124 val_acc=0.9929
  [pw02] gen 1200: val_logprob=-0.0655 val_acc=0.9949
  [pw02] gen 1600: val_logprob=-0.1185 val_acc=0.9959
  [pw02] gen 2000: val_logprob=-0.1105 val_acc=0.9959
  [pw02] gen 2400: val_logprob=-0.1357 val_acc=0.9959
  [pw02] gen 2800: val_logprob=-0.1984 val_acc=0.9939
  [pw03] gen 1: val_logprob=-0.8002 val_acc=0.8626
  [pw03] gen 400: val_logprob=-0.0398 val_acc=0.9959
  [pw03] gen 800: val_logprob=-0.1464 val_acc=0.9939
  [pw03] gen 1200: val_logprob=-0.0771 val_acc=0.9980
  [pw03] gen 1600: val_logprob=-0.1357 val_acc=0.9969
  [pw03] gen 2000: val_logprob=-0.1304 val_acc=0.9969
  [pw03] gen 2400: val_logprob=-0.1227 val_acc=0.9980
  [pw03] gen 2800: val_logprob=-0.1227 val_acc=0.9980
  [pw04] gen 1: val_logprob=-0.8565 val_acc=0.8938
  [pw04] gen 400: val_logprob=-0.0185 val_acc=0.9980
  [pw04] gen 800: val_logprob=-0.0913 val_acc=0.9970
  [pw04] gen 1200: val_logprob=-0.0601 val_acc=0.9990
  [pw04] gen 1600: val_logprob=-0.0601 val_acc=0.9990
  [pw04] gen 2000: val_logprob=-0.0617 val_acc=0.9980
  [pw04] gen 2400: val_logprob=-0.0601 val_acc=0.9990
  [pw04] gen 2800: val_logprob=-0.0613 val_acc=0.9990
  [pw05] gen 1: val_logprob=-0.9674 val_acc=0.7885
  [pw05] gen 400: val_logprob=-0.0435 val_acc=0.9946
  [pw05] gen 800: val_logprob=-0.1243 val_acc=0.9934
  [pw05] gen 1200: val_logprob=-0.0557 val_acc=0.9967
  [pw05] gen 1600: val_logprob=-0.0393 val_acc=0.9989
  [pw05] gen 2000: val_logprob=-0.1274 val_acc=0.9957
  [pw05] gen 2400: val_logprob=-0.1122 val_acc=0.9978
  [pw05] gen 2800: val_logprob=-0.0875 val_acc=0.9978
  [pw06] gen 1: val_logprob=-1.0147 val_acc=0.7524
  [pw06] gen 400: val_logprob=-0.0305 val_acc=0.9959
  [pw06] gen 800: val_logprob=-0.0060 val_acc=0.9990
  [pw06] gen 1200: val_logprob=-0.0234 val_acc=0.9948
  [pw06] gen 1600: val_logprob=-0.0434 val_acc=0.9959
  [pw06] gen 2000: val_logprob=-0.0075 val_acc=0.9979
  [pw06] gen 2400: val_logprob=-0.0113 val_acc=0.9979
  [pw06] gen 2800: val_logprob=-0.0058 val_acc=0.9979
  [pw07] gen 1: val_logprob=-0.9169 val_acc=0.8422
  [pw07] gen 400: val_logprob=-0.0669 val_acc=0.9982
  [pw07] gen 800: val_logprob=-0.0007 val_acc=1.0000
  [pw07] gen 1200: val_logprob=-0.0614 val_acc=0.9990
  [pw07] gen 1600: val_logprob=-0.0556 val_acc=0.9982
  [pw07] gen 2000: val_logprob=-0.0000 val_acc=1.0000
  [pw07] gen 2400: val_logprob=-0.0000 val_acc=1.0000
  [pw07] gen 2800: val_logprob=-0.0000 val_acc=1.0000
  [pw08] gen 1: val_logprob=-0.8602 val_acc=0.8565
  [pw08] gen 400: val_logprob=-0.0183 val_acc=0.9959
  [pw08] gen 800: val_logprob=-0.0810 val_acc=0.9919
  [pw08] gen 1200: val_logprob=-0.0630 val_acc=0.9970
  [pw08] gen 1600: val_logprob=-0.0556 val_acc=0.9970
  [pw08] gen 2000: val_logprob=-0.0585 val_acc=0.9949
  [pw08] gen 2400: val_logprob=-0.0442 val_acc=0.9959
  [pw08] gen 2800: val_logprob=-0.1157 val_acc=0.9970
  [pw09] gen 1: val_logprob=-0.8493 val_acc=0.8819
  [pw09] gen 400: val_logprob=-0.0427 val_acc=0.9959
  [pw09] gen 800: val_logprob=-0.0577 val_acc=0.9959
  [pw09] gen 1200: val_logprob=-0.1375 val_acc=0.9917
  [pw09] gen 1600: val_logprob=-0.0902 val_acc=0.9969
  [pw09] gen 2000: val_logprob=-0.2491 val_acc=0.9949
  [pw09] gen 2400: val_logprob=-0.0979 val_acc=0.9969
  [pw09] gen 2800: val_logprob=-0.2957 val_acc=0.9938
[pairwise 0v*] done
  [pw12] gen 1: val_logprob=-0.8138 val_acc=0.9083
  [pw12] gen 400: val_logprob=-0.0026 val_acc=1.0000
  [pw12] gen 800: val_logprob=-0.0021 val_acc=1.0000
  [pw12] gen 1200: val_logprob=-0.0057 val_acc=0.9990
  [pw12] gen 1600: val_logprob=-0.0196 val_acc=0.9980
  [pw12] gen 2000: val_logprob=-0.0302 val_acc=0.9950
  [pw12] gen 2400: val_logprob=-0.0371 val_acc=0.9970
  [pw12] gen 2800: val_logprob=-0.0331 val_acc=0.9990
  [pw13] gen 1: val_logprob=-0.8718 val_acc=0.8796
  [pw13] gen 400: val_logprob=-0.0327 val_acc=0.9991
  [pw13] gen 800: val_logprob=-0.0625 val_acc=0.9981
  [pw13] gen 1200: val_logprob=-0.0780 val_acc=0.9971
  [pw13] gen 1600: val_logprob=-0.0860 val_acc=0.9980
  [pw13] gen 2000: val_logprob=-0.0583 val_acc=0.9990
  [pw13] gen 2400: val_logprob=-0.0296 val_acc=0.9991
  [pw13] gen 2800: val_logprob=-0.0314 val_acc=0.9980
  [pw14] gen 1: val_logprob=-0.7769 val_acc=0.8592
  [pw14] gen 400: val_logprob=-0.1987 val_acc=0.9920
  [pw14] gen 800: val_logprob=-0.1360 val_acc=0.9920
  [pw14] gen 1200: val_logprob=-0.2167 val_acc=0.9940
  [pw14] gen 1600: val_logprob=-0.3069 val_acc=0.9923
  [pw14] gen 2000: val_logprob=-0.1214 val_acc=0.9951
  [pw14] gen 2400: val_logprob=-0.2280 val_acc=0.9960
  [pw14] gen 2800: val_logprob=-0.2758 val_acc=0.9950
  [pw15] gen 1: val_logprob=-0.7690 val_acc=0.9111
  [pw15] gen 400: val_logprob=-0.0674 val_acc=0.9969
  [pw15] gen 800: val_logprob=-0.2178 val_acc=0.9956
  [pw15] gen 1200: val_logprob=-0.1872 val_acc=0.9967
  [pw15] gen 1600: val_logprob=-0.0655 val_acc=0.9989
  [pw15] gen 2000: val_logprob=-0.0780 val_acc=0.9978
  [pw15] gen 2400: val_logprob=-0.0767 val_acc=0.9978
  [pw15] gen 2800: val_logprob=-0.0770 val_acc=0.9978
  [pw16] gen 1: val_logprob=-0.8716 val_acc=0.8990
  [pw16] gen 400: val_logprob=-0.0064 val_acc=0.9980
  [pw16] gen 800: val_logprob=-0.0566 val_acc=0.9991
  [pw16] gen 1200: val_logprob=-0.1194 val_acc=0.9980
  [pw16] gen 1600: val_logprob=-0.0570 val_acc=0.9991
  [pw16] gen 2000: val_logprob=-0.0566 val_acc=0.9991
  [pw16] gen 2400: val_logprob=-0.0566 val_acc=0.9991
  [pw16] gen 2800: val_logprob=-0.0566 val_acc=0.9991
  [pw17] gen 1: val_logprob=-0.7574 val_acc=0.9467
  [pw17] gen 400: val_logprob=-0.0208 val_acc=0.9972
  [pw17] gen 800: val_logprob=-0.0067 val_acc=0.9982
  [pw17] gen 1200: val_logprob=-0.0728 val_acc=0.9963
  [pw17] gen 1600: val_logprob=-0.1327 val_acc=0.9955
  [pw17] gen 2000: val_logprob=-0.1126 val_acc=0.9973
  [pw17] gen 2400: val_logprob=-0.2814 val_acc=0.9936
  [pw17] gen 2800: val_logprob=-0.1831 val_acc=0.9963
  [pw18] gen 1: val_logprob=-0.7601 val_acc=0.9452
  [pw18] gen 400: val_logprob=-0.0647 val_acc=0.9951
  [pw18] gen 800: val_logprob=-0.0407 val_acc=0.9970
  [pw18] gen 1200: val_logprob=-0.0752 val_acc=0.9960
  [pw18] gen 1600: val_logprob=-0.0614 val_acc=0.9971
  [pw18] gen 2000: val_logprob=-0.2141 val_acc=0.9931
  [pw18] gen 2400: val_logprob=-0.2080 val_acc=0.9941
  [pw18] gen 2800: val_logprob=-0.1526 val_acc=0.9941
  [pw19] gen 1: val_logprob=-0.6807 val_acc=0.9479
  [pw19] gen 400: val_logprob=-0.0442 val_acc=0.9970
  [pw19] gen 800: val_logprob=-0.0508 val_acc=0.9969
  [pw19] gen 1200: val_logprob=-0.0452 val_acc=0.9980
  [pw19] gen 1600: val_logprob=-0.0982 val_acc=0.9980
  [pw19] gen 2000: val_logprob=-0.0702 val_acc=0.9979
  [pw19] gen 2400: val_logprob=-0.2215 val_acc=0.9940
  [pw19] gen 2800: val_logprob=-0.1276 val_acc=0.9969
[pairwise 1v*] done
  [pw23] gen 1: val_logprob=-1.0825 val_acc=0.7486
  [pw23] gen 400: val_logprob=-0.1114 val_acc=0.9930
  [pw23] gen 800: val_logprob=-0.1182 val_acc=0.9950
  [pw23] gen 1200: val_logprob=-0.0872 val_acc=0.9980
  [pw23] gen 1600: val_logprob=-0.0988 val_acc=0.9970
  [pw23] gen 2000: val_logprob=-0.1270 val_acc=0.9960
  [pw23] gen 2400: val_logprob=-0.1112 val_acc=0.9940
  [pw23] gen 2800: val_logprob=-0.1198 val_acc=0.9940
  [pw24] gen 1: val_logprob=-0.9036 val_acc=0.8506
  [pw24] gen 400: val_logprob=-0.0766 val_acc=0.9930
  [pw24] gen 800: val_logprob=-0.1669 val_acc=0.9940
  [pw24] gen 1200: val_logprob=-0.1408 val_acc=0.9929
  [pw24] gen 1600: val_logprob=-0.1226 val_acc=0.9970
  [pw24] gen 2000: val_logprob=-0.0234 val_acc=0.9980
  [pw24] gen 2400: val_logprob=-0.0582 val_acc=0.9990
  [pw24] gen 2800: val_logprob=-0.0821 val_acc=0.9950
  [pw25] gen 1: val_logprob=-0.8685 val_acc=0.8429
  [pw25] gen 400: val_logprob=-0.0082 val_acc=0.9979
  [pw25] gen 800: val_logprob=-0.0558 val_acc=0.9945
  [pw25] gen 1200: val_logprob=-0.0696 val_acc=0.9968
  [pw25] gen 1600: val_logprob=-0.0924 val_acc=0.9967
  [pw25] gen 2000: val_logprob=-0.1052 val_acc=0.9956
  [pw25] gen 2400: val_logprob=-0.1783 val_acc=0.9946
  [pw25] gen 2800: val_logprob=-0.0615 val_acc=0.9990
  [pw26] gen 1: val_logprob=-0.8083 val_acc=0.8745
  [pw26] gen 400: val_logprob=-0.0487 val_acc=0.9979
  [pw26] gen 800: val_logprob=-0.0208 val_acc=0.9979
  [pw26] gen 1200: val_logprob=-0.0282 val_acc=0.9979
  [pw26] gen 1600: val_logprob=-0.0838 val_acc=0.9979
  [pw26] gen 2000: val_logprob=-0.1417 val_acc=0.9969
  [pw26] gen 2400: val_logprob=-0.1351 val_acc=0.9959
  [pw26] gen 2800: val_logprob=-0.1126 val_acc=0.9969
  [pw27] gen 1: val_logprob=-0.9665 val_acc=0.7898
  [pw27] gen 400: val_logprob=-0.0549 val_acc=0.9925
  [pw27] gen 800: val_logprob=-0.0336 val_acc=0.9972
  [pw27] gen 1200: val_logprob=-0.0651 val_acc=0.9961
  [pw27] gen 1600: val_logprob=-0.1065 val_acc=0.9934
  [pw27] gen 2000: val_logprob=-0.1460 val_acc=0.9943
  [pw27] gen 2400: val_logprob=-0.0950 val_acc=0.9943
  [pw27] gen 2800: val_logprob=-0.0826 val_acc=0.9972
  [pw28] gen 1: val_logprob=-0.9988 val_acc=0.7772
  [pw28] gen 400: val_logprob=-0.0494 val_acc=0.9929
  [pw28] gen 800: val_logprob=-0.0321 val_acc=0.9929
  [pw28] gen 1200: val_logprob=-0.0217 val_acc=0.9939
  [pw28] gen 1600: val_logprob=-0.0404 val_acc=0.9939
  [pw28] gen 2000: val_logprob=-0.0495 val_acc=0.9939
  [pw28] gen 2400: val_logprob=-0.0842 val_acc=0.9929
  [pw28] gen 2800: val_logprob=-0.0892 val_acc=0.9929
  [pw29] gen 1: val_logprob=-0.8290 val_acc=0.8700
  [pw29] gen 400: val_logprob=-0.0118 val_acc=0.9969
  [pw29] gen 800: val_logprob=-0.0328 val_acc=0.9949
  [pw29] gen 1200: val_logprob=-0.0166 val_acc=0.9980
  [pw29] gen 1600: val_logprob=-0.0323 val_acc=0.9938
  [pw29] gen 2000: val_logprob=-0.0886 val_acc=0.9928
  [pw29] gen 2400: val_logprob=-0.1076 val_acc=0.9938
  [pw29] gen 2800: val_logprob=-0.2071 val_acc=0.9938
[pairwise 2v*] done
  [pw34] gen 1: val_logprob=-0.9192 val_acc=0.8278
  [pw34] gen 400: val_logprob=-0.0359 val_acc=0.9950
  [pw34] gen 800: val_logprob=-0.1579 val_acc=0.9960
  [pw34] gen 1200: val_logprob=-0.0629 val_acc=0.9980
  [pw34] gen 1600: val_logprob=-0.1148 val_acc=0.9970
  [pw34] gen 2000: val_logprob=-0.0760 val_acc=0.9980
  [pw34] gen 2400: val_logprob=-0.0684 val_acc=0.9980
  [pw34] gen 2800: val_logprob=-0.0654 val_acc=0.9980
  [pw35] gen 1: val_logprob=-1.0061 val_acc=0.8124
  [pw35] gen 400: val_logprob=-0.1130 val_acc=0.9914
  [pw35] gen 800: val_logprob=-0.1069 val_acc=0.9913
  [pw35] gen 1200: val_logprob=-0.1339 val_acc=0.9883
  [pw35] gen 1600: val_logprob=-0.1896 val_acc=0.9925
  [pw35] gen 2000: val_logprob=-0.1314 val_acc=0.9913
  [pw35] gen 2400: val_logprob=-0.1355 val_acc=0.9924
  [pw35] gen 2800: val_logprob=-0.1481 val_acc=0.9914
  [pw36] gen 1: val_logprob=-0.9324 val_acc=0.8464
  [pw36] gen 400: val_logprob=-0.0108 val_acc=0.9990
  [pw36] gen 800: val_logprob=-0.0000 val_acc=1.0000
  [pw36] gen 1200: val_logprob=-0.0642 val_acc=0.9979
  [pw36] gen 1600: val_logprob=-0.1327 val_acc=0.9969
  [pw36] gen 2000: val_logprob=-0.1396 val_acc=0.9969
  [pw36] gen 2400: val_logprob=-0.1226 val_acc=0.9979
  [pw36] gen 2800: val_logprob=-0.1244 val_acc=0.9969
  [pw37] gen 1: val_logprob=-0.8114 val_acc=0.8983
  [pw37] gen 400: val_logprob=-0.0165 val_acc=0.9982
  [pw37] gen 800: val_logprob=-0.0180 val_acc=0.9981
  [pw37] gen 1200: val_logprob=-0.0204 val_acc=0.9972
  [pw37] gen 1600: val_logprob=-0.0238 val_acc=0.9972
  [pw37] gen 2000: val_logprob=-0.0210 val_acc=0.9972
  [pw37] gen 2400: val_logprob=-0.0203 val_acc=0.9982
  [pw37] gen 2800: val_logprob=-0.0773 val_acc=0.9946
  [pw38] gen 1: val_logprob=-1.0006 val_acc=0.7689
  [pw38] gen 400: val_logprob=-0.0263 val_acc=0.9970
  [pw38] gen 800: val_logprob=-0.0193 val_acc=0.9970
  [pw38] gen 1200: val_logprob=-0.0245 val_acc=0.9960
  [pw38] gen 1600: val_logprob=-0.0314 val_acc=0.9960
  [pw38] gen 2000: val_logprob=-0.0495 val_acc=0.9970
  [pw38] gen 2400: val_logprob=-0.0543 val_acc=0.9910
  [pw38] gen 2800: val_logprob=-0.0459 val_acc=0.9950
  [pw39] gen 1: val_logprob=-0.9661 val_acc=0.8334
  [pw39] gen 400: val_logprob=-0.1078 val_acc=0.9938
  [pw39] gen 800: val_logprob=-0.0646 val_acc=0.9938
  [pw39] gen 1200: val_logprob=-0.0736 val_acc=0.9898
  [pw39] gen 1600: val_logprob=-0.0670 val_acc=0.9948
  [pw39] gen 2000: val_logprob=-0.0721 val_acc=0.9938
  [pw39] gen 2400: val_logprob=-0.0518 val_acc=0.9960
  [pw39] gen 2800: val_logprob=-0.2013 val_acc=0.9928
[pairwise 3v*] done
  [pw45] gen 1: val_logprob=-0.8453 val_acc=0.8436
  [pw45] gen 400: val_logprob=-0.0818 val_acc=0.9969
  [pw45] gen 800: val_logprob=-0.0691 val_acc=0.9978
  [pw45] gen 1200: val_logprob=-0.2133 val_acc=0.9925
  [pw45] gen 1600: val_logprob=-0.1124 val_acc=0.9967
  [pw45] gen 2000: val_logprob=-0.0882 val_acc=0.9978
  [pw45] gen 2400: val_logprob=-0.0976 val_acc=0.9967
  [pw45] gen 2800: val_logprob=-0.0969 val_acc=0.9967
  [pw46] gen 1: val_logprob=-0.8573 val_acc=0.8464
  [pw46] gen 400: val_logprob=-0.0053 val_acc=0.9990
  [pw46] gen 800: val_logprob=-0.0865 val_acc=0.9950
  [pw46] gen 1200: val_logprob=-0.0411 val_acc=0.9950
  [pw46] gen 1600: val_logprob=-0.0365 val_acc=0.9969
  [pw46] gen 2000: val_logprob=-0.0185 val_acc=0.9980
  [pw46] gen 2400: val_logprob=-0.0268 val_acc=0.9970
  [pw46] gen 2800: val_logprob=-0.0618 val_acc=0.9980
  [pw47] gen 1: val_logprob=-0.9813 val_acc=0.8176
  [pw47] gen 400: val_logprob=-0.1560 val_acc=0.9926
  [pw47] gen 800: val_logprob=-0.1430 val_acc=0.9917
  [pw47] gen 1200: val_logprob=-0.2380 val_acc=0.9917
  [pw47] gen 1600: val_logprob=-0.2828 val_acc=0.9934
  [pw47] gen 2000: val_logprob=-0.1494 val_acc=0.9952
  [pw47] gen 2400: val_logprob=-0.2715 val_acc=0.9898
  [pw47] gen 2800: val_logprob=-0.3016 val_acc=0.9934
  [pw48] gen 1: val_logprob=-1.0836 val_acc=0.7785
  [pw48] gen 400: val_logprob=-0.0961 val_acc=0.9940
  [pw48] gen 800: val_logprob=-0.1335 val_acc=0.9919
  [pw48] gen 1200: val_logprob=-0.1634 val_acc=0.9960
  [pw48] gen 1600: val_logprob=-0.1440 val_acc=0.9940
  [pw48] gen 2000: val_logprob=-0.1514 val_acc=0.9950
  [pw48] gen 2400: val_logprob=-0.1777 val_acc=0.9930
  [pw48] gen 2800: val_logprob=-0.2268 val_acc=0.9919
  [pw49] gen 1: val_logprob=-1.1460 val_acc=0.7234
  [pw49] gen 400: val_logprob=-0.0878 val_acc=0.9858
  [pw49] gen 800: val_logprob=-0.1094 val_acc=0.9847
  [pw49] gen 1200: val_logprob=-0.0966 val_acc=0.9868
  [pw49] gen 1600: val_logprob=-0.1457 val_acc=0.9888
  [pw49] gen 2000: val_logprob=-0.1536 val_acc=0.9888
  [pw49] gen 2400: val_logprob=-0.1786 val_acc=0.9868
  [pw49] gen 2800: val_logprob=-0.1298 val_acc=0.9868
[pairwise 4v*] done
  [pw56] gen 1: val_logprob=-0.9845 val_acc=0.7654
  [pw56] gen 400: val_logprob=-0.2462 val_acc=0.9871
  [pw56] gen 800: val_logprob=-0.1234 val_acc=0.9914
  [pw56] gen 1200: val_logprob=-0.1226 val_acc=0.9913
  [pw56] gen 1600: val_logprob=-0.0632 val_acc=0.9956
  [pw56] gen 2000: val_logprob=-0.1801 val_acc=0.9935
  [pw56] gen 2400: val_logprob=-0.2091 val_acc=0.9891
  [pw56] gen 2800: val_logprob=-0.3079 val_acc=0.9891
  [pw57] gen 1: val_logprob=-0.9536 val_acc=0.8118
  [pw57] gen 400: val_logprob=-0.0991 val_acc=0.9969
  [pw57] gen 800: val_logprob=-0.1515 val_acc=0.9958
  [pw57] gen 1200: val_logprob=-0.2018 val_acc=0.9958
  [pw57] gen 1600: val_logprob=-0.0032 val_acc=0.9989
  [pw57] gen 2000: val_logprob=-0.0969 val_acc=0.9980
  [pw57] gen 2400: val_logprob=-0.1721 val_acc=0.9971
  [pw57] gen 2800: val_logprob=-0.1721 val_acc=0.9971
  [pw58] gen 1: val_logprob=-1.1253 val_acc=0.7607
  [pw58] gen 400: val_logprob=-0.1020 val_acc=0.9861
  [pw58] gen 800: val_logprob=-0.1478 val_acc=0.9895
  [pw58] gen 1200: val_logprob=-0.1614 val_acc=0.9871
  [pw58] gen 1600: val_logprob=-0.1482 val_acc=0.9914
  [pw58] gen 2000: val_logprob=-0.1104 val_acc=0.9914
  [pw58] gen 2400: val_logprob=-0.1403 val_acc=0.9914
  [pw58] gen 2800: val_logprob=-0.1031 val_acc=0.9935
  [pw59] gen 1: val_logprob=-0.9291 val_acc=0.8764
  [pw59] gen 400: val_logprob=-0.0692 val_acc=0.9948
  [pw59] gen 800: val_logprob=-0.0568 val_acc=0.9969
  [pw59] gen 1200: val_logprob=-0.0523 val_acc=0.9948
  [pw59] gen 1600: val_logprob=-0.0815 val_acc=0.9948
  [pw59] gen 2000: val_logprob=-0.1872 val_acc=0.9936
  [pw59] gen 2400: val_logprob=-0.1310 val_acc=0.9905
  [pw59] gen 2800: val_logprob=-0.1514 val_acc=0.9936
[pairwise 5v*] done
  [pw67] gen 1: val_logprob=-0.8958 val_acc=0.8712
  [pw67] gen 400: val_logprob=-0.0324 val_acc=0.9982
  [pw67] gen 800: val_logprob=-0.0245 val_acc=0.9991
  [pw67] gen 1200: val_logprob=-0.0194 val_acc=0.9981
  [pw67] gen 1600: val_logprob=-0.0378 val_acc=0.9990
  [pw67] gen 2000: val_logprob=-0.0362 val_acc=0.9990
  [pw67] gen 2400: val_logprob=-0.0218 val_acc=0.9990
  [pw67] gen 2800: val_logprob=-0.0558 val_acc=0.9990
  [pw68] gen 1: val_logprob=-0.8338 val_acc=0.8538
  [pw68] gen 400: val_logprob=-0.0371 val_acc=0.9959
  [pw68] gen 800: val_logprob=-0.0066 val_acc=0.9980
  [pw68] gen 1200: val_logprob=-0.0383 val_acc=0.9970
  [pw68] gen 1600: val_logprob=-0.0451 val_acc=0.9959
  [pw68] gen 2000: val_logprob=-0.0449 val_acc=0.9979
  [pw68] gen 2400: val_logprob=-0.0097 val_acc=0.9980
  [pw68] gen 2800: val_logprob=-0.0107 val_acc=0.9990
  [pw69] gen 1: val_logprob=-0.8468 val_acc=0.9068
  [pw69] gen 400: val_logprob=-0.0319 val_acc=0.9979
  [pw69] gen 800: val_logprob=-0.0708 val_acc=0.9959
  [pw69] gen 1200: val_logprob=-0.0874 val_acc=0.9979
  [pw69] gen 1600: val_logprob=-0.0366 val_acc=0.9979
  [pw69] gen 2000: val_logprob=-0.0622 val_acc=0.9990
  [pw69] gen 2400: val_logprob=-0.0622 val_acc=0.9990
  [pw69] gen 2800: val_logprob=-0.0623 val_acc=0.9990
[pairwise 6v*] done
  [pw78] gen 1: val_logprob=-0.9066 val_acc=0.8777
  [pw78] gen 400: val_logprob=-0.0919 val_acc=0.9935
  [pw78] gen 800: val_logprob=-0.2665 val_acc=0.9868
  [pw78] gen 1200: val_logprob=-0.1746 val_acc=0.9930
  [pw78] gen 1600: val_logprob=-0.2853 val_acc=0.9906
  [pw78] gen 2000: val_logprob=-0.1964 val_acc=0.9934
  [pw78] gen 2400: val_logprob=-0.1167 val_acc=0.9961
  [pw78] gen 2800: val_logprob=-0.1309 val_acc=0.9962
  [pw79] gen 1: val_logprob=-1.0311 val_acc=0.7659
  [pw79] gen 400: val_logprob=-0.0663 val_acc=0.9899
  [pw79] gen 800: val_logprob=-0.0690 val_acc=0.9908
  [pw79] gen 1200: val_logprob=-0.1266 val_acc=0.9880
  [pw79] gen 1600: val_logprob=-0.1013 val_acc=0.9886
  [pw79] gen 2000: val_logprob=-0.1444 val_acc=0.9899
  [pw79] gen 2400: val_logprob=-0.1461 val_acc=0.9927
  [pw79] gen 2800: val_logprob=-0.1781 val_acc=0.9898
[pairwise 7v*] done
  [pw89] gen 1: val_logprob=-0.9776 val_acc=0.7643
  [pw89] gen 400: val_logprob=-0.0647 val_acc=0.9949
  [pw89] gen 800: val_logprob=-0.0627 val_acc=0.9949
  [pw89] gen 1200: val_logprob=-0.0687 val_acc=0.9939
  [pw89] gen 1600: val_logprob=-0.0838 val_acc=0.9888
  [pw89] gen 2000: val_logprob=-0.1605 val_acc=0.9929
  [pw89] gen 2400: val_logprob=-0.0892 val_acc=0.9949
  [pw89] gen 2800: val_logprob=-0.0398 val_acc=0.9949
[pairwise 8v*] done
[pairwise 9v*] done
--- gating on validation ---
  margin 0.5: val_acc=0.9806
  margin 1.0: val_acc=0.9828
  margin 1.5: val_acc=0.9834
  margin 2.0: val_acc=0.9832
  margin 3.0: val_acc=0.9846
  margin 4.0: val_acc=0.9844
  margin 6.0: val_acc=0.9852
  margin 8.0: val_acc=0.9852
chosen pair_margin=6.0 (val_acc=0.9852)
saved champions -> C:\Users\paytonm\Documents\GENREG\demo\mnist_genomes.pkl
TEST: centroid 0.9095 | detectors(argmax) 0.9697 | +mixer 0.9706 | +pairwise 0.9763   (1427s)
