=== MNIST-Pipe battery ===
building statistics layer (features are the environment)…
stats layer: 677 fixed dims (zones + profiles + grad-hist + PCA)
centroid baseline (no evolution): 0.8893
--- LAYER 2a: detector genomes (10x one-vs-rest) ---
  [det0] gen 1: val_logprob=-1.0214 val_acc=0.7609
  [det0] gen 200: val_logprob=-0.5165 val_acc=0.9111
  [det0] gen 400: val_logprob=-0.3210 val_acc=0.9474
  [det0] gen 600: val_logprob=-0.2315 val_acc=0.9626
  [det0] gen 800: val_logprob=-0.1922 val_acc=0.9736
  [det0] gen 1000: val_logprob=-0.1772 val_acc=0.9775
  [det0] gen 1200: val_logprob=-0.1506 val_acc=0.9803
  [det0] gen 1400: val_logprob=-0.1595 val_acc=0.9791
  [det0] gen 1600: val_logprob=-0.1313 val_acc=0.9848
  [det0] gen 1800: val_logprob=-0.1219 val_acc=0.9832
  [det0] gen 2000: val_logprob=-0.1210 val_acc=0.9828
  [det0] gen 2200: val_logprob=-0.1269 val_acc=0.9802
  [det0] gen 2400: val_logprob=-0.1192 val_acc=0.9853
  [det0] gen 2600: val_logprob=-0.1403 val_acc=0.9810
  [det0] gen 2800: val_logprob=-0.1301 val_acc=0.9852
  [det0] gen 3000: val_logprob=-0.1268 val_acc=0.9835
  [det0] gen 3200: val_logprob=-0.1355 val_acc=0.9851
  [det0] gen 3400: val_logprob=-0.1234 val_acc=0.9849
  [det0] gen 3600: val_logprob=-0.1240 val_acc=0.9859
  [det0] gen 3800: val_logprob=-0.1342 val_acc=0.9863
  [det0] gen 4000: val_logprob=-0.1532 val_acc=0.9834
  [det0] gen 4200: val_logprob=-0.1543 val_acc=0.9844
  [det0] gen 4400: val_logprob=-0.1486 val_acc=0.9836
  [det0] gen 4600: val_logprob=-0.1696 val_acc=0.9811
  [det0] gen 4800: val_logprob=-0.1849 val_acc=0.9817
  [det0] gen 5000: val_logprob=-0.1822 val_acc=0.9810
[detector 0] done: balanced val_acc=0.9853
  [det1] gen 1: val_logprob=-1.0649 val_acc=0.7833
  [det1] gen 200: val_logprob=-0.4529 val_acc=0.9163
  [det1] gen 400: val_logprob=-0.3684 val_acc=0.9468
  [det1] gen 600: val_logprob=-0.2613 val_acc=0.9669
  [det1] gen 800: val_logprob=-0.2069 val_acc=0.9774
  [det1] gen 1000: val_logprob=-0.1879 val_acc=0.9782
  [det1] gen 1200: val_logprob=-0.1632 val_acc=0.9805
  [det1] gen 1400: val_logprob=-0.1322 val_acc=0.9874
  [det1] gen 1600: val_logprob=-0.1317 val_acc=0.9876
  [det1] gen 1800: val_logprob=-0.1310 val_acc=0.9875
  [det1] gen 2000: val_logprob=-0.1206 val_acc=0.9876
  [det1] gen 2200: val_logprob=-0.1264 val_acc=0.9879
  [det1] gen 2400: val_logprob=-0.1374 val_acc=0.9848
  [det1] gen 2600: val_logprob=-0.1473 val_acc=0.9846
  [det1] gen 2800: val_logprob=-0.1534 val_acc=0.9843
  [det1] gen 3000: val_logprob=-0.1314 val_acc=0.9865
  [det1] gen 3200: val_logprob=-0.1339 val_acc=0.9861
  [det1] gen 3400: val_logprob=-0.1338 val_acc=0.9839
  [det1] gen 3600: val_logprob=-0.1494 val_acc=0.9890
  [det1] gen 3800: val_logprob=-0.1269 val_acc=0.9883
  [det1] gen 4000: val_logprob=-0.1392 val_acc=0.9867
  [det1] gen 4200: val_logprob=-0.1510 val_acc=0.9867
  [det1] gen 4400: val_logprob=-0.1200 val_acc=0.9894
  [det1] gen 4600: val_logprob=-0.1252 val_acc=0.9891
  [det1] gen 4800: val_logprob=-0.1428 val_acc=0.9865
  [det1] gen 5000: val_logprob=-0.1330 val_acc=0.9903
[detector 1] done: balanced val_acc=0.9894
  [det2] gen 1: val_logprob=-1.1661 val_acc=0.6908
  [det2] gen 200: val_logprob=-0.5008 val_acc=0.9042
  [det2] gen 400: val_logprob=-0.3381 val_acc=0.9431
  [det2] gen 600: val_logprob=-0.2678 val_acc=0.9581
  [det2] gen 800: val_logprob=-0.2218 val_acc=0.9669
  [det2] gen 1000: val_logprob=-0.1951 val_acc=0.9713
  [det2] gen 1200: val_logprob=-0.1719 val_acc=0.9717
  [det2] gen 1400: val_logprob=-0.1657 val_acc=0.9729
  [det2] gen 1600: val_logprob=-0.1526 val_acc=0.9768
  [det2] gen 1800: val_logprob=-0.1143 val_acc=0.9819
  [det2] gen 2000: val_logprob=-0.1320 val_acc=0.9776
  [det2] gen 2200: val_logprob=-0.1530 val_acc=0.9773
  [det2] gen 2400: val_logprob=-0.1549 val_acc=0.9771
  [det2] gen 2600: val_logprob=-0.1557 val_acc=0.9796
  [det2] gen 2800: val_logprob=-0.1634 val_acc=0.9773
  [det2] gen 3000: val_logprob=-0.1276 val_acc=0.9772
  [det2] gen 3200: val_logprob=-0.1377 val_acc=0.9772
  [det2] gen 3400: val_logprob=-0.1474 val_acc=0.9773
  [det2] gen 3600: val_logprob=-0.1361 val_acc=0.9791
  [det2] gen 3800: val_logprob=-0.1370 val_acc=0.9820
  [det2] gen 4000: val_logprob=-0.1644 val_acc=0.9765
  [det2] gen 4200: val_logprob=-0.1514 val_acc=0.9790
  [det2] gen 4400: val_logprob=-0.1564 val_acc=0.9771
  [det2] gen 4600: val_logprob=-0.1251 val_acc=0.9806
  [det2] gen 4800: val_logprob=-0.1183 val_acc=0.9801
  [det2] gen 5000: val_logprob=-0.1108 val_acc=0.9807
[detector 2] done: balanced val_acc=0.9807
  [det3] gen 1: val_logprob=-1.2382 val_acc=0.7104
  [det3] gen 200: val_logprob=-0.5691 val_acc=0.8990
  [det3] gen 400: val_logprob=-0.3908 val_acc=0.9323
  [det3] gen 600: val_logprob=-0.2883 val_acc=0.9516
  [det3] gen 800: val_logprob=-0.2341 val_acc=0.9625
  [det3] gen 1000: val_logprob=-0.2257 val_acc=0.9620
  [det3] gen 1200: val_logprob=-0.1922 val_acc=0.9681
  [det3] gen 1400: val_logprob=-0.1828 val_acc=0.9693
  [det3] gen 1600: val_logprob=-0.1794 val_acc=0.9731
  [det3] gen 1800: val_logprob=-0.1692 val_acc=0.9727
  [det3] gen 2000: val_logprob=-0.1507 val_acc=0.9768
  [det3] gen 2200: val_logprob=-0.1538 val_acc=0.9788
  [det3] gen 2400: val_logprob=-0.1563 val_acc=0.9777
  [det3] gen 2600: val_logprob=-0.1598 val_acc=0.9762
  [det3] gen 2800: val_logprob=-0.1571 val_acc=0.9767
  [det3] gen 3000: val_logprob=-0.1389 val_acc=0.9809
  [det3] gen 3200: val_logprob=-0.1404 val_acc=0.9828
  [det3] gen 3400: val_logprob=-0.1464 val_acc=0.9786
  [det3] gen 3600: val_logprob=-0.1465 val_acc=0.9806
  [det3] gen 3800: val_logprob=-0.1501 val_acc=0.9773
  [det3] gen 4000: val_logprob=-0.1271 val_acc=0.9831
  [det3] gen 4200: val_logprob=-0.1480 val_acc=0.9782
  [det3] gen 4400: val_logprob=-0.1485 val_acc=0.9763
  [det3] gen 4600: val_logprob=-0.1460 val_acc=0.9770
  [det3] gen 4800: val_logprob=-0.1325 val_acc=0.9818
  [det3] gen 5000: val_logprob=-0.1484 val_acc=0.9796
[detector 3] done: balanced val_acc=0.9831
  [det4] gen 1: val_logprob=-1.1848 val_acc=0.7151
  [det4] gen 200: val_logprob=-0.5463 val_acc=0.8987
  [det4] gen 400: val_logprob=-0.3450 val_acc=0.9422
  [det4] gen 600: val_logprob=-0.2666 val_acc=0.9599
  [det4] gen 800: val_logprob=-0.2352 val_acc=0.9667
  [det4] gen 1000: val_logprob=-0.2184 val_acc=0.9684
  [det4] gen 1200: val_logprob=-0.2328 val_acc=0.9688
  [det4] gen 1400: val_logprob=-0.2176 val_acc=0.9747
  [det4] gen 1600: val_logprob=-0.1922 val_acc=0.9751
  [det4] gen 1800: val_logprob=-0.2075 val_acc=0.9749
  [det4] gen 2000: val_logprob=-0.1994 val_acc=0.9766
  [det4] gen 2200: val_logprob=-0.1980 val_acc=0.9765
  [det4] gen 2400: val_logprob=-0.1846 val_acc=0.9780
  [det4] gen 2600: val_logprob=-0.1762 val_acc=0.9771
  [det4] gen 2800: val_logprob=-0.2098 val_acc=0.9745
  [det4] gen 3000: val_logprob=-0.2484 val_acc=0.9744
  [det4] gen 3200: val_logprob=-0.2195 val_acc=0.9782
  [det4] gen 3400: val_logprob=-0.2132 val_acc=0.9723
  [det4] gen 3600: val_logprob=-0.2056 val_acc=0.9821
  [det4] gen 3800: val_logprob=-0.2073 val_acc=0.9796
  [det4] gen 4000: val_logprob=-0.2275 val_acc=0.9771
  [det4] gen 4200: val_logprob=-0.2097 val_acc=0.9809
  [det4] gen 4400: val_logprob=-0.1957 val_acc=0.9796
  [det4] gen 4600: val_logprob=-0.1898 val_acc=0.9775
  [det4] gen 4800: val_logprob=-0.2081 val_acc=0.9774
  [det4] gen 5000: val_logprob=-0.2109 val_acc=0.9781
[detector 4] done: balanced val_acc=0.9771
  [det5] gen 1: val_logprob=-1.1960 val_acc=0.6865
  [det5] gen 200: val_logprob=-0.7040 val_acc=0.8788
  [det5] gen 400: val_logprob=-0.5056 val_acc=0.9178
  [det5] gen 600: val_logprob=-0.4365 val_acc=0.9370
  [det5] gen 800: val_logprob=-0.4033 val_acc=0.9409
  [det5] gen 1000: val_logprob=-0.3619 val_acc=0.9501
  [det5] gen 1200: val_logprob=-0.2961 val_acc=0.9568
  [det5] gen 1400: val_logprob=-0.3075 val_acc=0.9587
  [det5] gen 1600: val_logprob=-0.3077 val_acc=0.9588
  [det5] gen 1800: val_logprob=-0.3041 val_acc=0.9656
  [det5] gen 2000: val_logprob=-0.2932 val_acc=0.9666
  [det5] gen 2200: val_logprob=-0.3146 val_acc=0.9633
  [det5] gen 2400: val_logprob=-0.3551 val_acc=0.9654
  [det5] gen 2600: val_logprob=-0.3653 val_acc=0.9645
  [det5] gen 2800: val_logprob=-0.3421 val_acc=0.9687
  [det5] gen 3000: val_logprob=-0.3383 val_acc=0.9681
  [det5] gen 3200: val_logprob=-0.3680 val_acc=0.9653
  [det5] gen 3400: val_logprob=-0.3725 val_acc=0.9703
  [det5] gen 3600: val_logprob=-0.3580 val_acc=0.9661
  [det5] gen 3800: val_logprob=-0.3027 val_acc=0.9679
  [det5] gen 4000: val_logprob=-0.3163 val_acc=0.9683
  [det5] gen 4200: val_logprob=-0.3149 val_acc=0.9688
  [det5] gen 4400: val_logprob=-0.3480 val_acc=0.9670
  [det5] gen 4600: val_logprob=-0.3567 val_acc=0.9716
  [det5] gen 4800: val_logprob=-0.3741 val_acc=0.9703
  [det5] gen 5000: val_logprob=-0.3411 val_acc=0.9745
[detector 5] done: balanced val_acc=0.9666
  [det6] gen 1: val_logprob=-1.1593 val_acc=0.7047
  [det6] gen 200: val_logprob=-0.5227 val_acc=0.9133
  [det6] gen 400: val_logprob=-0.3399 val_acc=0.9542
  [det6] gen 600: val_logprob=-0.2251 val_acc=0.9676
  [det6] gen 800: val_logprob=-0.1918 val_acc=0.9735
  [det6] gen 1000: val_logprob=-0.2044 val_acc=0.9728
  [det6] gen 1200: val_logprob=-0.1507 val_acc=0.9807
  [det6] gen 1400: val_logprob=-0.1409 val_acc=0.9835
  [det6] gen 1600: val_logprob=-0.1321 val_acc=0.9841
  [det6] gen 1800: val_logprob=-0.1149 val_acc=0.9836
  [det6] gen 2000: val_logprob=-0.1141 val_acc=0.9847
  [det6] gen 2200: val_logprob=-0.1004 val_acc=0.9851
  [det6] gen 2400: val_logprob=-0.1162 val_acc=0.9868
  [det6] gen 2600: val_logprob=-0.1222 val_acc=0.9846
  [det6] gen 2800: val_logprob=-0.0873 val_acc=0.9891
  [det6] gen 3000: val_logprob=-0.1595 val_acc=0.9885
  [det6] gen 3200: val_logprob=-0.1002 val_acc=0.9868
  [det6] gen 3400: val_logprob=-0.0819 val_acc=0.9888
  [det6] gen 3600: val_logprob=-0.0843 val_acc=0.9883
  [det6] gen 3800: val_logprob=-0.0870 val_acc=0.9888
  [det6] gen 4000: val_logprob=-0.0982 val_acc=0.9869
  [det6] gen 4200: val_logprob=-0.1866 val_acc=0.9834
  [det6] gen 4400: val_logprob=-0.1794 val_acc=0.9863
  [det6] gen 4600: val_logprob=-0.1831 val_acc=0.9849
  [det6] gen 4800: val_logprob=-0.2067 val_acc=0.9819
  [det6] gen 5000: val_logprob=-0.1860 val_acc=0.9892
[detector 6] done: balanced val_acc=0.9888
  [det7] gen 1: val_logprob=-1.0286 val_acc=0.7509
  [det7] gen 200: val_logprob=-0.5095 val_acc=0.9029
  [det7] gen 400: val_logprob=-0.3580 val_acc=0.9400
  [det7] gen 600: val_logprob=-0.2803 val_acc=0.9561
  [det7] gen 800: val_logprob=-0.2133 val_acc=0.9699
  [det7] gen 1000: val_logprob=-0.2061 val_acc=0.9691
  [det7] gen 1200: val_logprob=-0.1949 val_acc=0.9726
  [det7] gen 1400: val_logprob=-0.1694 val_acc=0.9773
  [det7] gen 1600: val_logprob=-0.1559 val_acc=0.9796
  [det7] gen 1800: val_logprob=-0.1724 val_acc=0.9799
  [det7] gen 2000: val_logprob=-0.1923 val_acc=0.9803
  [det7] gen 2200: val_logprob=-0.2065 val_acc=0.9779
  [det7] gen 2400: val_logprob=-0.2052 val_acc=0.9780
  [det7] gen 2600: val_logprob=-0.2324 val_acc=0.9775
  [det7] gen 2800: val_logprob=-0.2413 val_acc=0.9794
  [det7] gen 3000: val_logprob=-0.2256 val_acc=0.9810
  [det7] gen 3200: val_logprob=-0.2194 val_acc=0.9775
  [det7] gen 3400: val_logprob=-0.2347 val_acc=0.9787
  [det7] gen 3600: val_logprob=-0.2087 val_acc=0.9804
  [det7] gen 3800: val_logprob=-0.1923 val_acc=0.9819
  [det7] gen 4000: val_logprob=-0.1727 val_acc=0.9823
  [det7] gen 4200: val_logprob=-0.2015 val_acc=0.9822
  [det7] gen 4400: val_logprob=-0.2405 val_acc=0.9792
  [det7] gen 4600: val_logprob=-0.1571 val_acc=0.9830
  [det7] gen 4800: val_logprob=-0.1803 val_acc=0.9819
  [det7] gen 5000: val_logprob=-0.1447 val_acc=0.9827
[detector 7] done: balanced val_acc=0.9827
  [det8] gen 1: val_logprob=-1.2592 val_acc=0.6759
  [det8] gen 200: val_logprob=-0.6677 val_acc=0.8659
  [det8] gen 400: val_logprob=-0.4830 val_acc=0.9047
  [det8] gen 600: val_logprob=-0.3885 val_acc=0.9291
  [det8] gen 800: val_logprob=-0.3580 val_acc=0.9378
  [det8] gen 1000: val_logprob=-0.3336 val_acc=0.9471
  [det8] gen 1200: val_logprob=-0.2887 val_acc=0.9498
  [det8] gen 1400: val_logprob=-0.2658 val_acc=0.9515
  [det8] gen 1600: val_logprob=-0.2612 val_acc=0.9578
  [det8] gen 1800: val_logprob=-0.2398 val_acc=0.9584
  [det8] gen 2000: val_logprob=-0.2389 val_acc=0.9596
  [det8] gen 2200: val_logprob=-0.2417 val_acc=0.9583
  [det8] gen 2400: val_logprob=-0.2765 val_acc=0.9577
  [det8] gen 2600: val_logprob=-0.2393 val_acc=0.9613
  [det8] gen 2800: val_logprob=-0.2160 val_acc=0.9624
  [det8] gen 3000: val_logprob=-0.2484 val_acc=0.9586
  [det8] gen 3200: val_logprob=-0.2484 val_acc=0.9586
  [det8] gen 3400: val_logprob=-0.2366 val_acc=0.9630
  [det8] gen 3600: val_logprob=-0.2249 val_acc=0.9623
  [det8] gen 3800: val_logprob=-0.2081 val_acc=0.9622
  [det8] gen 4000: val_logprob=-0.2123 val_acc=0.9638
  [det8] gen 4200: val_logprob=-0.2110 val_acc=0.9646
  [det8] gen 4400: val_logprob=-0.2235 val_acc=0.9618
  [det8] gen 4600: val_logprob=-0.2283 val_acc=0.9591
  [det8] gen 4800: val_logprob=-0.2301 val_acc=0.9645
  [det8] gen 5000: val_logprob=-0.2592 val_acc=0.9590
[detector 8] done: balanced val_acc=0.9622
  [det9] gen 1: val_logprob=-1.0971 val_acc=0.7420
  [det9] gen 200: val_logprob=-0.6120 val_acc=0.8770
  [det9] gen 400: val_logprob=-0.4248 val_acc=0.9222
  [det9] gen 600: val_logprob=-0.3412 val_acc=0.9410
  [det9] gen 800: val_logprob=-0.2886 val_acc=0.9493
  [det9] gen 1000: val_logprob=-0.2600 val_acc=0.9530
  [det9] gen 1200: val_logprob=-0.2604 val_acc=0.9559
  [det9] gen 1400: val_logprob=-0.2409 val_acc=0.9567
  [det9] gen 1600: val_logprob=-0.2288 val_acc=0.9621
  [det9] gen 1800: val_logprob=-0.2119 val_acc=0.9616
  [det9] gen 2000: val_logprob=-0.2102 val_acc=0.9631
  [det9] gen 2200: val_logprob=-0.2073 val_acc=0.9646
  [det9] gen 2400: val_logprob=-0.2113 val_acc=0.9663
  [det9] gen 2600: val_logprob=-0.1971 val_acc=0.9680
  [det9] gen 2800: val_logprob=-0.1943 val_acc=0.9674
  [det9] gen 3000: val_logprob=-0.2223 val_acc=0.9647
  [det9] gen 3200: val_logprob=-0.2128 val_acc=0.9659
  [det9] gen 3400: val_logprob=-0.1919 val_acc=0.9671
  [det9] gen 3600: val_logprob=-0.1873 val_acc=0.9701
  [det9] gen 3800: val_logprob=-0.1890 val_acc=0.9667
  [det9] gen 4000: val_logprob=-0.2030 val_acc=0.9660
  [det9] gen 4200: val_logprob=-0.1960 val_acc=0.9663
  [det9] gen 4400: val_logprob=-0.2072 val_acc=0.9686
  [det9] gen 4600: val_logprob=-0.1918 val_acc=0.9695
  [det9] gen 4800: val_logprob=-0.1734 val_acc=0.9729
  [det9] gen 5000: val_logprob=-0.2022 val_acc=0.9696
[detector 9] done: balanced val_acc=0.9729
--- LAYER 3: output mixer ---
  [mixer] gen 1: val_logprob=-0.3877 val_acc=0.9614 (argmax base 0.9640)
  [mixer] gen 100: val_logprob=-0.3840 val_acc=0.9614 (argmax base 0.9640)
  [mixer] gen 200: val_logprob=-0.3665 val_acc=0.9632 (argmax base 0.9640)
  [mixer] gen 300: val_logprob=-0.3864 val_acc=0.9634 (argmax base 0.9640)
  [mixer] gen 400: val_logprob=-0.3461 val_acc=0.9652 (argmax base 0.9640)
  [mixer] gen 500: val_logprob=-0.3615 val_acc=0.9644 (argmax base 0.9640)
  [mixer] gen 600: val_logprob=-0.3534 val_acc=0.9654 (argmax base 0.9640)
  [mixer] gen 700: val_logprob=-0.3306 val_acc=0.9658 (argmax base 0.9640)
  [mixer] gen 800: val_logprob=-0.2877 val_acc=0.9656 (argmax base 0.9640)
  [mixer] gen 900: val_logprob=-0.2788 val_acc=0.9644 (argmax base 0.9640)
  [mixer] gen 1000: val_logprob=-0.3192 val_acc=0.9628 (argmax base 0.9640)
  [mixer] gen 1100: val_logprob=-0.2597 val_acc=0.9646 (argmax base 0.9640)
  [mixer] gen 1200: val_logprob=-0.3114 val_acc=0.9640 (argmax base 0.9640)
  [mixer] gen 1300: val_logprob=-0.3053 val_acc=0.9648 (argmax base 0.9640)
  [mixer] gen 1400: val_logprob=-0.2646 val_acc=0.9648 (argmax base 0.9640)
  [mixer] gen 1500: val_logprob=-0.2928 val_acc=0.9652 (argmax base 0.9640)
  [mixer] gen 1600: val_logprob=-0.2858 val_acc=0.9666 (argmax base 0.9640)
  [mixer] gen 1700: val_logprob=-0.2793 val_acc=0.9658 (argmax base 0.9640)
  [mixer] gen 1800: val_logprob=-0.2833 val_acc=0.9650 (argmax base 0.9640)
  [mixer] gen 1900: val_logprob=-0.3054 val_acc=0.9652 (argmax base 0.9640)
  [mixer] gen 2000: val_logprob=-0.2419 val_acc=0.9638 (argmax base 0.9640)
--- LAYER 2b: pairwise disambiguators (45x one-vs-one) ---
  [pw01] gen 1: val_logprob=-0.7036 val_acc=0.9301
  [pw01] gen 400: val_logprob=-0.1069 val_acc=0.9970
  [pw01] gen 800: val_logprob=-0.0566 val_acc=0.9991
  [pw01] gen 1200: val_logprob=-0.0566 val_acc=0.9991
  [pw01] gen 1600: val_logprob=-0.0566 val_acc=0.9991
  [pw01] gen 2000: val_logprob=-0.0566 val_acc=0.9991
  [pw01] gen 2400: val_logprob=-0.0566 val_acc=0.9991
  [pw01] gen 2800: val_logprob=-0.0566 val_acc=0.9991
  [pw02] gen 1: val_logprob=-0.9691 val_acc=0.7875
  [pw02] gen 400: val_logprob=-0.0517 val_acc=0.9939
  [pw02] gen 800: val_logprob=-0.0335 val_acc=0.9939
  [pw02] gen 1200: val_logprob=-0.0730 val_acc=0.9949
  [pw02] gen 1600: val_logprob=-0.1428 val_acc=0.9939
  [pw02] gen 2000: val_logprob=-0.1283 val_acc=0.9939
  [pw02] gen 2400: val_logprob=-0.0965 val_acc=0.9939
  [pw02] gen 2800: val_logprob=-0.0796 val_acc=0.9929
  [pw03] gen 1: val_logprob=-1.0310 val_acc=0.7823
  [pw03] gen 400: val_logprob=-0.0795 val_acc=0.9939
  [pw03] gen 800: val_logprob=-0.0614 val_acc=0.9949
  [pw03] gen 1200: val_logprob=-0.0510 val_acc=0.9950
  [pw03] gen 1600: val_logprob=-0.0245 val_acc=0.9960
  [pw03] gen 2000: val_logprob=-0.0191 val_acc=0.9990
  [pw03] gen 2400: val_logprob=-0.0000 val_acc=1.0000
  [pw03] gen 2800: val_logprob=-0.0099 val_acc=0.9990
  [pw04] gen 1: val_logprob=-0.7733 val_acc=0.8783
  [pw04] gen 400: val_logprob=-0.0805 val_acc=0.9980
  [pw04] gen 800: val_logprob=-0.0695 val_acc=0.9980
  [pw04] gen 1200: val_logprob=-0.0828 val_acc=0.9970
  [pw04] gen 1600: val_logprob=-0.1413 val_acc=0.9970
  [pw04] gen 2000: val_logprob=-0.0728 val_acc=0.9970
  [pw04] gen 2400: val_logprob=-0.0601 val_acc=0.9990
  [pw04] gen 2800: val_logprob=-0.1424 val_acc=0.9959
  [pw05] gen 1: val_logprob=-1.1091 val_acc=0.7026
  [pw05] gen 400: val_logprob=-0.2099 val_acc=0.9902
  [pw05] gen 800: val_logprob=-0.1557 val_acc=0.9926
  [pw05] gen 1200: val_logprob=-0.2279 val_acc=0.9925
  [pw05] gen 1600: val_logprob=-0.2288 val_acc=0.9903
  [pw05] gen 2000: val_logprob=-0.1887 val_acc=0.9934
  [pw05] gen 2400: val_logprob=-0.2807 val_acc=0.9924
  [pw05] gen 2800: val_logprob=-0.1535 val_acc=0.9935
  [pw06] gen 1: val_logprob=-0.9877 val_acc=0.7993
  [pw06] gen 400: val_logprob=-0.0299 val_acc=0.9949
  [pw06] gen 800: val_logprob=-0.0424 val_acc=0.9928
  [pw06] gen 1200: val_logprob=-0.0047 val_acc=0.9990
  [pw06] gen 1600: val_logprob=-0.0412 val_acc=0.9959
  [pw06] gen 2000: val_logprob=-0.0312 val_acc=0.9969
  [pw06] gen 2400: val_logprob=-0.0224 val_acc=0.9980
  [pw06] gen 2800: val_logprob=-0.1193 val_acc=0.9959
  [pw07] gen 1: val_logprob=-0.9757 val_acc=0.8076
  [pw07] gen 400: val_logprob=-0.0401 val_acc=0.9952
  [pw07] gen 800: val_logprob=-0.0449 val_acc=0.9969
  [pw07] gen 1200: val_logprob=-0.0535 val_acc=0.9950
  [pw07] gen 1600: val_logprob=-0.1091 val_acc=0.9972
  [pw07] gen 2000: val_logprob=-0.0073 val_acc=0.9991
  [pw07] gen 2400: val_logprob=-0.0195 val_acc=0.9990
  [pw07] gen 2800: val_logprob=-0.1395 val_acc=0.9971
  [pw08] gen 1: val_logprob=-0.9488 val_acc=0.8303
  [pw08] gen 400: val_logprob=-0.0136 val_acc=0.9959
  [pw08] gen 800: val_logprob=-0.0244 val_acc=0.9959
  [pw08] gen 1200: val_logprob=-0.0094 val_acc=0.9980
  [pw08] gen 1600: val_logprob=-0.0285 val_acc=0.9969
  [pw08] gen 2000: val_logprob=-0.0218 val_acc=0.9969
  [pw08] gen 2400: val_logprob=-0.0283 val_acc=0.9990
  [pw08] gen 2800: val_logprob=-0.0507 val_acc=0.9949
  [pw09] gen 1: val_logprob=-0.8859 val_acc=0.8499
  [pw09] gen 400: val_logprob=-0.0791 val_acc=0.9928
  [pw09] gen 800: val_logprob=-0.2022 val_acc=0.9928
  [pw09] gen 1200: val_logprob=-0.1911 val_acc=0.9918
  [pw09] gen 1600: val_logprob=-0.1996 val_acc=0.9938
  [pw09] gen 2000: val_logprob=-0.2088 val_acc=0.9938
  [pw09] gen 2400: val_logprob=-0.2523 val_acc=0.9928
  [pw09] gen 2800: val_logprob=-0.4927 val_acc=0.9897
[pairwise 0v*] done
  [pw12] gen 1: val_logprob=-0.7842 val_acc=0.9313
  [pw12] gen 400: val_logprob=-0.0150 val_acc=0.9980
  [pw12] gen 800: val_logprob=-0.0193 val_acc=0.9951
  [pw12] gen 1200: val_logprob=-0.0486 val_acc=0.9970
  [pw12] gen 1600: val_logprob=-0.0345 val_acc=0.9970
  [pw12] gen 2000: val_logprob=-0.2069 val_acc=0.9920
  [pw12] gen 2400: val_logprob=-0.1095 val_acc=0.9941
  [pw12] gen 2800: val_logprob=-0.1018 val_acc=0.9951
  [pw13] gen 1: val_logprob=-0.8504 val_acc=0.8106
  [pw13] gen 400: val_logprob=-0.0783 val_acc=0.9972
  [pw13] gen 800: val_logprob=-0.0603 val_acc=0.9981
  [pw13] gen 1200: val_logprob=-0.0698 val_acc=0.9971
  [pw13] gen 1600: val_logprob=-0.1013 val_acc=0.9981
  [pw13] gen 2000: val_logprob=-0.0259 val_acc=0.9990
  [pw13] gen 2400: val_logprob=-0.0020 val_acc=0.9991
  [pw13] gen 2800: val_logprob=-0.0019 val_acc=0.9990
  [pw14] gen 1: val_logprob=-0.8143 val_acc=0.9010
  [pw14] gen 400: val_logprob=-0.0867 val_acc=0.9940
  [pw14] gen 800: val_logprob=-0.1027 val_acc=0.9950
  [pw14] gen 1200: val_logprob=-0.2053 val_acc=0.9941
  [pw14] gen 1600: val_logprob=-0.2142 val_acc=0.9941
  [pw14] gen 2000: val_logprob=-0.1283 val_acc=0.9950
  [pw14] gen 2400: val_logprob=-0.1800 val_acc=0.9950
  [pw14] gen 2800: val_logprob=-0.0844 val_acc=0.9970
  [pw15] gen 1: val_logprob=-1.0289 val_acc=0.7828
  [pw15] gen 400: val_logprob=-0.1117 val_acc=0.9969
  [pw15] gen 800: val_logprob=-0.1043 val_acc=0.9970
  [pw15] gen 1200: val_logprob=-0.1223 val_acc=0.9980
  [pw15] gen 1600: val_logprob=-0.2333 val_acc=0.9937
  [pw15] gen 2000: val_logprob=-0.1706 val_acc=0.9970
  [pw15] gen 2400: val_logprob=-0.1876 val_acc=0.9969
  [pw15] gen 2800: val_logprob=-0.1546 val_acc=0.9967
  [pw16] gen 1: val_logprob=-1.0485 val_acc=0.8302
  [pw16] gen 400: val_logprob=-0.1292 val_acc=0.9960
  [pw16] gen 800: val_logprob=-0.1167 val_acc=0.9971
  [pw16] gen 1200: val_logprob=-0.0669 val_acc=0.9971
  [pw16] gen 1600: val_logprob=-0.1415 val_acc=0.9970
  [pw16] gen 2000: val_logprob=-0.1198 val_acc=0.9980
  [pw16] gen 2400: val_logprob=-0.1188 val_acc=0.9980
  [pw16] gen 2800: val_logprob=-0.1188 val_acc=0.9980
  [pw17] gen 1: val_logprob=-0.7870 val_acc=0.8632
  [pw17] gen 400: val_logprob=-0.1574 val_acc=0.9918
  [pw17] gen 800: val_logprob=-0.2039 val_acc=0.9937
  [pw17] gen 1200: val_logprob=-0.1214 val_acc=0.9964
  [pw17] gen 1600: val_logprob=-0.1162 val_acc=0.9954
  [pw17] gen 2000: val_logprob=-0.1207 val_acc=0.9955
  [pw17] gen 2400: val_logprob=-0.1011 val_acc=0.9963
  [pw17] gen 2800: val_logprob=-0.1440 val_acc=0.9963
  [pw18] gen 1: val_logprob=-1.0189 val_acc=0.8113
  [pw18] gen 400: val_logprob=-0.1401 val_acc=0.9829
  [pw18] gen 800: val_logprob=-0.0769 val_acc=0.9891
  [pw18] gen 1200: val_logprob=-0.0529 val_acc=0.9941
  [pw18] gen 1600: val_logprob=-0.0611 val_acc=0.9950
  [pw18] gen 2000: val_logprob=-0.0687 val_acc=0.9950
  [pw18] gen 2400: val_logprob=-0.0404 val_acc=0.9960
  [pw18] gen 2800: val_logprob=-0.0405 val_acc=0.9970
  [pw19] gen 1: val_logprob=-0.9845 val_acc=0.7589
  [pw19] gen 400: val_logprob=-0.0673 val_acc=0.9951
  [pw19] gen 800: val_logprob=-0.0278 val_acc=0.9979
  [pw19] gen 1200: val_logprob=-0.0767 val_acc=0.9980
  [pw19] gen 1600: val_logprob=-0.0935 val_acc=0.9960
  [pw19] gen 2000: val_logprob=-0.1011 val_acc=0.9970
  [pw19] gen 2400: val_logprob=-0.0621 val_acc=0.9990
  [pw19] gen 2800: val_logprob=-0.2132 val_acc=0.9951
[pairwise 1v*] done
  [pw23] gen 1: val_logprob=-1.0440 val_acc=0.7514
  [pw23] gen 400: val_logprob=-0.0993 val_acc=0.9850
  [pw23] gen 800: val_logprob=-0.0806 val_acc=0.9900
  [pw23] gen 1200: val_logprob=-0.0752 val_acc=0.9920
  [pw23] gen 1600: val_logprob=-0.0576 val_acc=0.9950
  [pw23] gen 2000: val_logprob=-0.0541 val_acc=0.9960
  [pw23] gen 2400: val_logprob=-0.0804 val_acc=0.9940
  [pw23] gen 2800: val_logprob=-0.0625 val_acc=0.9960
  [pw24] gen 1: val_logprob=-0.8397 val_acc=0.8493
  [pw24] gen 400: val_logprob=-0.0769 val_acc=0.9970
  [pw24] gen 800: val_logprob=-0.0752 val_acc=0.9960
  [pw24] gen 1200: val_logprob=-0.0247 val_acc=0.9980
  [pw24] gen 1600: val_logprob=-0.0258 val_acc=0.9980
  [pw24] gen 2000: val_logprob=-0.0382 val_acc=0.9970
  [pw24] gen 2400: val_logprob=-0.0906 val_acc=0.9950
  [pw24] gen 2800: val_logprob=-0.1266 val_acc=0.9960
  [pw25] gen 1: val_logprob=-0.8753 val_acc=0.8407
  [pw25] gen 400: val_logprob=-0.1392 val_acc=0.9913
  [pw25] gen 800: val_logprob=-0.1196 val_acc=0.9924
  [pw25] gen 1200: val_logprob=-0.1035 val_acc=0.9946
  [pw25] gen 1600: val_logprob=-0.1774 val_acc=0.9935
  [pw25] gen 2000: val_logprob=-0.0931 val_acc=0.9967
  [pw25] gen 2400: val_logprob=-0.2247 val_acc=0.9946
  [pw25] gen 2800: val_logprob=-0.2491 val_acc=0.9948
  [pw26] gen 1: val_logprob=-0.8949 val_acc=0.8486
  [pw26] gen 400: val_logprob=-0.1441 val_acc=0.9959
  [pw26] gen 800: val_logprob=-0.0794 val_acc=0.9959
  [pw26] gen 1200: val_logprob=-0.0305 val_acc=0.9959
  [pw26] gen 1600: val_logprob=-0.0879 val_acc=0.9949
  [pw26] gen 2000: val_logprob=-0.1346 val_acc=0.9949
  [pw26] gen 2400: val_logprob=-0.1314 val_acc=0.9949
  [pw26] gen 2800: val_logprob=-0.0736 val_acc=0.9969
  [pw27] gen 1: val_logprob=-1.0454 val_acc=0.7932
  [pw27] gen 400: val_logprob=-0.0417 val_acc=0.9923
  [pw27] gen 800: val_logprob=-0.0391 val_acc=0.9953
  [pw27] gen 1200: val_logprob=-0.0540 val_acc=0.9896
  [pw27] gen 1600: val_logprob=-0.0721 val_acc=0.9924
  [pw27] gen 2000: val_logprob=-0.0937 val_acc=0.9924
  [pw27] gen 2400: val_logprob=-0.1538 val_acc=0.9935
  [pw27] gen 2800: val_logprob=-0.0656 val_acc=0.9916
  [pw28] gen 1: val_logprob=-1.1019 val_acc=0.7448
  [pw28] gen 400: val_logprob=-0.0804 val_acc=0.9919
  [pw28] gen 800: val_logprob=-0.0464 val_acc=0.9889
  [pw28] gen 1200: val_logprob=-0.0243 val_acc=0.9970
  [pw28] gen 1600: val_logprob=-0.0519 val_acc=0.9939
  [pw28] gen 2000: val_logprob=-0.0771 val_acc=0.9929
  [pw28] gen 2400: val_logprob=-0.0700 val_acc=0.9939
  [pw28] gen 2800: val_logprob=-0.0393 val_acc=0.9949
  [pw29] gen 1: val_logprob=-0.8101 val_acc=0.8914
  [pw29] gen 400: val_logprob=-0.0035 val_acc=1.0000
  [pw29] gen 800: val_logprob=-0.0051 val_acc=1.0000
  [pw29] gen 1200: val_logprob=-0.0092 val_acc=0.9979
  [pw29] gen 1600: val_logprob=-0.0423 val_acc=0.9980
  [pw29] gen 2000: val_logprob=-0.0082 val_acc=0.9990
  [pw29] gen 2400: val_logprob=-0.0753 val_acc=0.9980
  [pw29] gen 2800: val_logprob=-0.0761 val_acc=0.9949
[pairwise 2v*] done
  [pw34] gen 1: val_logprob=-0.9616 val_acc=0.8356
  [pw34] gen 400: val_logprob=-0.0586 val_acc=0.9960
  [pw34] gen 800: val_logprob=-0.0894 val_acc=0.9960
  [pw34] gen 1200: val_logprob=-0.1256 val_acc=0.9950
  [pw34] gen 1600: val_logprob=-0.1542 val_acc=0.9960
  [pw34] gen 2000: val_logprob=-0.0923 val_acc=0.9970
  [pw34] gen 2400: val_logprob=-0.1102 val_acc=0.9980
  [pw34] gen 2800: val_logprob=-0.1863 val_acc=0.9960
  [pw35] gen 1: val_logprob=-1.1530 val_acc=0.7022
  [pw35] gen 400: val_logprob=-0.2039 val_acc=0.9758
  [pw35] gen 800: val_logprob=-0.1515 val_acc=0.9859
  [pw35] gen 1200: val_logprob=-0.2026 val_acc=0.9843
  [pw35] gen 1600: val_logprob=-0.1833 val_acc=0.9862
  [pw35] gen 2000: val_logprob=-0.1750 val_acc=0.9862
  [pw35] gen 2400: val_logprob=-0.1843 val_acc=0.9842
  [pw35] gen 2800: val_logprob=-0.1546 val_acc=0.9833
  [pw36] gen 1: val_logprob=-1.1475 val_acc=0.7433
  [pw36] gen 400: val_logprob=-0.0985 val_acc=0.9969
  [pw36] gen 800: val_logprob=-0.0623 val_acc=0.9990
  [pw36] gen 1200: val_logprob=-0.0623 val_acc=0.9990
  [pw36] gen 1600: val_logprob=-0.0623 val_acc=0.9990
  [pw36] gen 2000: val_logprob=-0.0622 val_acc=0.9990
  [pw36] gen 2400: val_logprob=-0.0622 val_acc=0.9990
  [pw36] gen 2800: val_logprob=-0.0622 val_acc=0.9990
  [pw37] gen 1: val_logprob=-0.8276 val_acc=0.8783
  [pw37] gen 400: val_logprob=-0.0890 val_acc=0.9935
  [pw37] gen 800: val_logprob=-0.1350 val_acc=0.9945
  [pw37] gen 1200: val_logprob=-0.1196 val_acc=0.9964
  [pw37] gen 1600: val_logprob=-0.2078 val_acc=0.9918
  [pw37] gen 2000: val_logprob=-0.1929 val_acc=0.9934
  [pw37] gen 2400: val_logprob=-0.1432 val_acc=0.9954
  [pw37] gen 2800: val_logprob=-0.2810 val_acc=0.9900
  [pw38] gen 1: val_logprob=-1.1137 val_acc=0.7717
  [pw38] gen 400: val_logprob=-0.0686 val_acc=0.9881
  [pw38] gen 800: val_logprob=-0.0435 val_acc=0.9940
  [pw38] gen 1200: val_logprob=-0.0479 val_acc=0.9910
  [pw38] gen 1600: val_logprob=-0.0618 val_acc=0.9910
  [pw38] gen 2000: val_logprob=-0.0451 val_acc=0.9941
  [pw38] gen 2400: val_logprob=-0.0707 val_acc=0.9941
  [pw38] gen 2800: val_logprob=-0.0907 val_acc=0.9931
  [pw39] gen 1: val_logprob=-0.9270 val_acc=0.8443
  [pw39] gen 400: val_logprob=-0.0797 val_acc=0.9889
  [pw39] gen 800: val_logprob=-0.0553 val_acc=0.9908
  [pw39] gen 1200: val_logprob=-0.0628 val_acc=0.9908
  [pw39] gen 1600: val_logprob=-0.1351 val_acc=0.9888
  [pw39] gen 2000: val_logprob=-0.1180 val_acc=0.9919
  [pw39] gen 2400: val_logprob=-0.1158 val_acc=0.9877
  [pw39] gen 2800: val_logprob=-0.1146 val_acc=0.9928
[pairwise 3v*] done
  [pw45] gen 1: val_logprob=-0.8300 val_acc=0.9065
  [pw45] gen 400: val_logprob=-0.0818 val_acc=0.9947
  [pw45] gen 800: val_logprob=-0.0452 val_acc=0.9967
  [pw45] gen 1200: val_logprob=-0.1441 val_acc=0.9924
  [pw45] gen 1600: val_logprob=-0.1516 val_acc=0.9924
  [pw45] gen 2000: val_logprob=-0.1642 val_acc=0.9948
  [pw45] gen 2400: val_logprob=-0.1021 val_acc=0.9969
  [pw45] gen 2800: val_logprob=-0.2506 val_acc=0.9937
  [pw46] gen 1: val_logprob=-0.8889 val_acc=0.8471
  [pw46] gen 400: val_logprob=-0.1304 val_acc=0.9928
  [pw46] gen 800: val_logprob=-0.1072 val_acc=0.9959
  [pw46] gen 1200: val_logprob=-0.1293 val_acc=0.9939
  [pw46] gen 1600: val_logprob=-0.0987 val_acc=0.9959
  [pw46] gen 2000: val_logprob=-0.1374 val_acc=0.9950
  [pw46] gen 2400: val_logprob=-0.2249 val_acc=0.9918
  [pw46] gen 2800: val_logprob=-0.2359 val_acc=0.9928
  [pw47] gen 1: val_logprob=-0.8408 val_acc=0.8793
  [pw47] gen 400: val_logprob=-0.1014 val_acc=0.9916
  [pw47] gen 800: val_logprob=-0.1450 val_acc=0.9914
  [pw47] gen 1200: val_logprob=-0.1376 val_acc=0.9903
  [pw47] gen 1600: val_logprob=-0.1006 val_acc=0.9942
  [pw47] gen 2000: val_logprob=-0.1362 val_acc=0.9924
  [pw47] gen 2400: val_logprob=-0.2015 val_acc=0.9924
  [pw47] gen 2800: val_logprob=-0.1950 val_acc=0.9924
  [pw48] gen 1: val_logprob=-1.0721 val_acc=0.7551
  [pw48] gen 400: val_logprob=-0.1472 val_acc=0.9889
  [pw48] gen 800: val_logprob=-0.0771 val_acc=0.9939
  [pw48] gen 1200: val_logprob=-0.0912 val_acc=0.9950
  [pw48] gen 1600: val_logprob=-0.0947 val_acc=0.9940
  [pw48] gen 2000: val_logprob=-0.0764 val_acc=0.9920
  [pw48] gen 2400: val_logprob=-0.1034 val_acc=0.9940
  [pw48] gen 2800: val_logprob=-0.1570 val_acc=0.9899
  [pw49] gen 1: val_logprob=-1.0566 val_acc=0.7944
  [pw49] gen 400: val_logprob=-0.1512 val_acc=0.9868
  [pw49] gen 800: val_logprob=-0.1682 val_acc=0.9869
  [pw49] gen 1200: val_logprob=-0.1770 val_acc=0.9879
  [pw49] gen 1600: val_logprob=-0.1594 val_acc=0.9909
  [pw49] gen 2000: val_logprob=-0.1766 val_acc=0.9889
  [pw49] gen 2400: val_logprob=-0.1887 val_acc=0.9878
  [pw49] gen 2800: val_logprob=-0.1575 val_acc=0.9879
[pairwise 4v*] done
  [pw56] gen 1: val_logprob=-0.8780 val_acc=0.8442
  [pw56] gen 400: val_logprob=-0.1751 val_acc=0.9870
  [pw56] gen 800: val_logprob=-0.1534 val_acc=0.9870
  [pw56] gen 1200: val_logprob=-0.1912 val_acc=0.9859
  [pw56] gen 1600: val_logprob=-0.2306 val_acc=0.9859
  [pw56] gen 2000: val_logprob=-0.2686 val_acc=0.9881
  [pw56] gen 2400: val_logprob=-0.2994 val_acc=0.9871
  [pw56] gen 2800: val_logprob=-0.2666 val_acc=0.9882
  [pw57] gen 1: val_logprob=-1.1149 val_acc=0.7487
  [pw57] gen 400: val_logprob=-0.1110 val_acc=0.9919
  [pw57] gen 800: val_logprob=-0.0972 val_acc=0.9949
  [pw57] gen 1200: val_logprob=-0.0873 val_acc=0.9960
  [pw57] gen 1600: val_logprob=-0.1412 val_acc=0.9947
  [pw57] gen 2000: val_logprob=-0.0811 val_acc=0.9978
  [pw57] gen 2400: val_logprob=-0.2134 val_acc=0.9956
  [pw57] gen 2800: val_logprob=-0.1800 val_acc=0.9958
  [pw58] gen 1: val_logprob=-0.9670 val_acc=0.8050
  [pw58] gen 400: val_logprob=-0.1696 val_acc=0.9802
  [pw58] gen 800: val_logprob=-0.1302 val_acc=0.9823
  [pw58] gen 1200: val_logprob=-0.0893 val_acc=0.9893
  [pw58] gen 1600: val_logprob=-0.1006 val_acc=0.9894
  [pw58] gen 2000: val_logprob=-0.1202 val_acc=0.9860
  [pw58] gen 2400: val_logprob=-0.1650 val_acc=0.9861
  [pw58] gen 2800: val_logprob=-0.1246 val_acc=0.9873
  [pw59] gen 1: val_logprob=-0.9319 val_acc=0.8514
  [pw59] gen 400: val_logprob=-0.1152 val_acc=0.9874
  [pw59] gen 800: val_logprob=-0.1683 val_acc=0.9875
  [pw59] gen 1200: val_logprob=-0.1755 val_acc=0.9896
  [pw59] gen 1600: val_logprob=-0.1716 val_acc=0.9875
  [pw59] gen 2000: val_logprob=-0.2227 val_acc=0.9884
  [pw59] gen 2400: val_logprob=-0.2126 val_acc=0.9894
  [pw59] gen 2800: val_logprob=-0.2054 val_acc=0.9926
[pairwise 5v*] done
  [pw67] gen 1: val_logprob=-0.8617 val_acc=0.8728
  [pw67] gen 400: val_logprob=-0.1710 val_acc=0.9956
  [pw67] gen 800: val_logprob=-0.0000 val_acc=1.0000
  [pw67] gen 1200: val_logprob=-0.0000 val_acc=1.0000
  [pw67] gen 1600: val_logprob=-0.0000 val_acc=1.0000
  [pw67] gen 2000: val_logprob=-0.0000 val_acc=1.0000
  [pw67] gen 2400: val_logprob=-0.0000 val_acc=1.0000
  [pw67] gen 2800: val_logprob=-0.0000 val_acc=1.0000
  [pw68] gen 1: val_logprob=-0.8572 val_acc=0.8612
  [pw68] gen 400: val_logprob=-0.0224 val_acc=0.9949
  [pw68] gen 800: val_logprob=-0.0888 val_acc=0.9948
  [pw68] gen 1200: val_logprob=-0.1011 val_acc=0.9939
  [pw68] gen 1600: val_logprob=-0.0926 val_acc=0.9938
  [pw68] gen 2000: val_logprob=-0.0952 val_acc=0.9949
  [pw68] gen 2400: val_logprob=-0.1151 val_acc=0.9928
  [pw68] gen 2800: val_logprob=-0.1213 val_acc=0.9919
  [pw69] gen 1: val_logprob=-0.9561 val_acc=0.8581
  [pw69] gen 400: val_logprob=-0.1290 val_acc=0.9917
  [pw69] gen 800: val_logprob=-0.0075 val_acc=0.9990
  [pw69] gen 1200: val_logprob=-0.0988 val_acc=0.9979
  [pw69] gen 1600: val_logprob=-0.1585 val_acc=0.9959
  [pw69] gen 2000: val_logprob=-0.2121 val_acc=0.9959
  [pw69] gen 2400: val_logprob=-0.2013 val_acc=0.9948
  [pw69] gen 2800: val_logprob=-0.1830 val_acc=0.9959
[pairwise 6v*] done
  [pw78] gen 1: val_logprob=-1.0082 val_acc=0.7608
  [pw78] gen 400: val_logprob=-0.1156 val_acc=0.9905
  [pw78] gen 800: val_logprob=-0.0895 val_acc=0.9954
  [pw78] gen 1200: val_logprob=-0.0122 val_acc=0.9990
  [pw78] gen 1600: val_logprob=-0.0209 val_acc=0.9973
  [pw78] gen 2000: val_logprob=-0.0483 val_acc=0.9953
  [pw78] gen 2400: val_logprob=-0.0598 val_acc=0.9981
  [pw78] gen 2800: val_logprob=-0.0864 val_acc=0.9952
  [pw79] gen 1: val_logprob=-1.1789 val_acc=0.6864
  [pw79] gen 400: val_logprob=-0.2004 val_acc=0.9781
  [pw79] gen 800: val_logprob=-0.1888 val_acc=0.9818
  [pw79] gen 1200: val_logprob=-0.2308 val_acc=0.9808
  [pw79] gen 1600: val_logprob=-0.2083 val_acc=0.9837
  [pw79] gen 2000: val_logprob=-0.1857 val_acc=0.9851
  [pw79] gen 2400: val_logprob=-0.1111 val_acc=0.9916
  [pw79] gen 2800: val_logprob=-0.1888 val_acc=0.9846
[pairwise 7v*] done
  [pw89] gen 1: val_logprob=-1.0331 val_acc=0.7669
  [pw89] gen 400: val_logprob=-0.0903 val_acc=0.9908
  [pw89] gen 800: val_logprob=-0.1583 val_acc=0.9877
  [pw89] gen 1200: val_logprob=-0.1682 val_acc=0.9888
  [pw89] gen 1600: val_logprob=-0.2253 val_acc=0.9857
  [pw89] gen 2000: val_logprob=-0.1759 val_acc=0.9888
  [pw89] gen 2400: val_logprob=-0.1733 val_acc=0.9888
  [pw89] gen 2800: val_logprob=-0.1902 val_acc=0.9918
[pairwise 8v*] done
[pairwise 9v*] done
--- gating on validation ---
  margin 0.5: val_acc=0.9690
  margin 1.0: val_acc=0.9716
  margin 1.5: val_acc=0.9740
  margin 2.0: val_acc=0.9750
  margin 3.0: val_acc=0.9768
  margin 4.0: val_acc=0.9764
  margin 6.0: val_acc=0.9764
  margin 8.0: val_acc=0.9768
chosen pair_margin=3.0 (val_acc=0.9768)
saved champions -> C:\Users\paytonm\Documents\GENREG\demo\mnist_genomes.pkl
TEST: centroid 0.8893 | detectors(argmax) 0.9557 | +mixer 0.9560 | +pairwise 0.9683   (1479s)
