=== baseline: C=4 (matches the currently shipped Order genome) ===
  [class-lm 33] gen 1: val_ppl=32.422 (unigram 13.439)
  [class-lm 33] gen 100: val_ppl=13.668 (unigram 13.439)
  [class-lm 33] gen 200: val_ppl=13.358 (unigram 13.439)
  [class-lm 33] gen 300: val_ppl=13.179 (unigram 13.439)
  [class-lm 33] gen 400: val_ppl=12.923 (unigram 13.439)
  [class-lm 33] gen 500: val_ppl=12.770 (unigram 13.439)
  [class-lm 33] gen 600: val_ppl=12.615 (unigram 13.439)
  [class-lm 33] gen 700: val_ppl=12.431 (unigram 13.439)
  [class-lm 33] gen 800: val_ppl=12.423 (unigram 13.439)
  [class-lm 33] gen 900: val_ppl=12.352 (unigram 13.439)
  [class-lm 33] gen 1000: val_ppl=12.282 (unigram 13.439)
C=4  val_ppl=12.282  unigram_ppl=13.439  beats_unigram=True

=== experiment: C=8 (double the lookback) ===
  [class-lm 33] gen 1: val_ppl=32.638 (unigram 13.267)
  [class-lm 33] gen 100: val_ppl=13.620 (unigram 13.267)
  [class-lm 33] gen 200: val_ppl=12.913 (unigram 13.267)
  [class-lm 33] gen 300: val_ppl=12.287 (unigram 13.267)
  [class-lm 33] gen 400: val_ppl=12.036 (unigram 13.267)
  [class-lm 33] gen 500: val_ppl=12.082 (unigram 13.267)
  [class-lm 33] gen 600: val_ppl=11.798 (unigram 13.267)
  [class-lm 33] gen 700: val_ppl=11.731 (unigram 13.267)
  [class-lm 33] gen 800: val_ppl=11.580 (unigram 13.267)
  [class-lm 33] gen 900: val_ppl=11.413 (unigram 13.267)
  [class-lm 33] gen 1000: val_ppl=11.349 (unigram 13.267)
C=8  val_ppl=11.349  unigram_ppl=13.267  beats_unigram=True

ppl improvement from widening context: 12.282 -> 11.349 (better)
saved C:\Users\paytonm\Documents\GENREG\genreg_train\exp_order_c8.pkl
DONE
